{"/Users/rajivkumar/Projects/import-export-orchestrator/ui/src/api/client.ts": {"path":"/Users/rajivkumar/Projects/import-export-orchestrator/ui/src/api/client.ts","statementMap":{"0":{"start":{"line":20,"column":17},"end":{"line":20,"column":null}},"1":{"start":{"line":41,"column":4},"end":{"line":41,"column":null}},"2":{"start":{"line":42,"column":4},"end":{"line":42,"column":null}},"3":{"start":{"line":43,"column":4},"end":{"line":43,"column":null}},"4":{"start":{"line":44,"column":4},"end":{"line":44,"column":null}},"5":{"start":{"line":45,"column":4},"end":{"line":45,"column":null}},"6":{"start":{"line":54,"column":8},"end":{"line":54,"column":null}},"7":{"start":{"line":55,"column":31},"end":{"line":57,"column":null}},"8":{"start":{"line":59,"column":2},"end":{"line":61,"column":null}},"9":{"start":{"line":60,"column":4},"end":{"line":60,"column":null}},"10":{"start":{"line":63,"column":2},"end":{"line":63,"column":null}},"11":{"start":{"line":70,"column":8},"end":{"line":70,"column":null}},"12":{"start":{"line":71,"column":2},"end":{"line":71,"column":null}},"13":{"start":{"line":79,"column":2},"end":{"line":82,"column":null}},"14":{"start":{"line":80,"column":4},"end":{"line":80,"column":null}},"15":{"start":{"line":81,"column":4},"end":{"line":81,"column":null}},"16":{"start":{"line":84,"column":2},"end":{"line":87,"column":null}},"17":{"start":{"line":85,"column":18},"end":{"line":85,"column":null}},"18":{"start":{"line":85,"column":53},"end":{"line":85,"column":81}},"19":{"start":{"line":86,"column":4},"end":{"line":86,"column":null}},"20":{"start":{"line":88,"column":2},"end":{"line":88,"column":null}},"21":{"start":{"line":93,"column":19},"end":{"line":95,"column":null}},"22":{"start":{"line":96,"column":2},"end":{"line":96,"column":null}},"23":{"start":{"line":101,"column":19},"end":{"line":105,"column":null}},"24":{"start":{"line":106,"column":2},"end":{"line":106,"column":null}},"25":{"start":{"line":110,"column":19},"end":{"line":114,"column":null}},"26":{"start":{"line":115,"column":2},"end":{"line":115,"column":null}},"27":{"start":{"line":119,"column":19},"end":{"line":121,"column":null}},"28":{"start":{"line":122,"column":2},"end":{"line":122,"column":null}},"29":{"start":{"line":126,"column":19},"end":{"line":128,"column":null}},"30":{"start":{"line":129,"column":2},"end":{"line":129,"column":null}},"31":{"start":{"line":137,"column":19},"end":{"line":137,"column":null}},"32":{"start":{"line":138,"column":2},"end":{"line":138,"column":null}},"33":{"start":{"line":140,"column":21},"end":{"line":140,"column":null}},"34":{"start":{"line":141,"column":31},"end":{"line":141,"column":null}},"35":{"start":{"line":142,"column":2},"end":{"line":144,"column":null}},"36":{"start":{"line":143,"column":4},"end":{"line":143,"column":null}},"37":{"start":{"line":146,"column":19},"end":{"line":150,"column":null}},"38":{"start":{"line":153,"column":2},"end":{"line":167,"column":null}},"39":{"start":{"line":154,"column":22},"end":{"line":154,"column":null}},"40":{"start":{"line":154,"column":57},"end":{"line":154,"column":86}},"41":{"start":{"line":157,"column":4},"end":{"line":163,"column":null}},"42":{"start":{"line":158,"column":6},"end":{"line":162,"column":null}},"43":{"start":{"line":166,"column":4},"end":{"line":166,"column":null}},"44":{"start":{"line":169,"column":2},"end":{"line":169,"column":null}},"45":{"start":{"line":175,"column":19},"end":{"line":179,"column":null}},"46":{"start":{"line":180,"column":2},"end":{"line":180,"column":null}},"47":{"start":{"line":186,"column":19},"end":{"line":190,"column":null}},"48":{"start":{"line":191,"column":2},"end":{"line":191,"column":null}},"49":{"start":{"line":198,"column":23},"end":{"line":198,"column":null}},"50":{"start":{"line":199,"column":2},"end":{"line":199,"column":null}},"51":{"start":{"line":199,"column":19},"end":{"line":199,"column":null}},"52":{"start":{"line":200,"column":2},"end":{"line":200,"column":null}},"53":{"start":{"line":200,"column":24},"end":{"line":200,"column":null}},"54":{"start":{"line":201,"column":2},"end":{"line":201,"column":null}},"55":{"start":{"line":201,"column":23},"end":{"line":201,"column":null}},"56":{"start":{"line":202,"column":2},"end":{"line":202,"column":null}},"57":{"start":{"line":202,"column":21},"end":{"line":202,"column":null}},"58":{"start":{"line":203,"column":2},"end":{"line":203,"column":null}},"59":{"start":{"line":203,"column":25},"end":{"line":203,"column":null}},"60":{"start":{"line":204,"column":2},"end":{"line":204,"column":null}},"61":{"start":{"line":204,"column":23},"end":{"line":204,"column":null}},"62":{"start":{"line":206,"column":22},"end":{"line":206,"column":null}},"63":{"start":{"line":207,"column":14},"end":{"line":207,"column":null}},"64":{"start":{"line":209,"column":19},"end":{"line":211,"column":null}},"65":{"start":{"line":212,"column":2},"end":{"line":212,"column":null}},"66":{"start":{"line":216,"column":19},"end":{"line":218,"column":null}},"67":{"start":{"line":219,"column":2},"end":{"line":219,"column":null}},"68":{"start":{"line":223,"column":19},"end":{"line":227,"column":null}},"69":{"start":{"line":228,"column":2},"end":{"line":228,"column":null}},"70":{"start":{"line":232,"column":19},"end":{"line":235,"column":null}},"71":{"start":{"line":236,"column":2},"end":{"line":238,"column":null}},"72":{"start":{"line":237,"column":4},"end":{"line":237,"column":null}},"73":{"start":{"line":245,"column":19},"end":{"line":249,"column":null}},"74":{"start":{"line":250,"column":2},"end":{"line":250,"column":null}},"75":{"start":{"line":257,"column":19},"end":{"line":261,"column":null}},"76":{"start":{"line":262,"column":2},"end":{"line":262,"column":null}},"77":{"start":{"line":266,"column":19},"end":{"line":269,"column":null}},"78":{"start":{"line":270,"column":2},"end":{"line":270,"column":null}},"79":{"start":{"line":274,"column":19},"end":{"line":276,"column":null}},"80":{"start":{"line":277,"column":2},"end":{"line":277,"column":null}},"81":{"start":{"line":281,"column":19},"end":{"line":283,"column":null}},"82":{"start":{"line":284,"column":2},"end":{"line":284,"column":null}},"83":{"start":{"line":289,"column":19},"end":{"line":289,"column":null}},"84":{"start":{"line":290,"column":2},"end":{"line":290,"column":null}}},"fnMap":{"0":{"name":"(anonymous_0)","decl":{"start":{"line":36,"column":2},"end":{"line":36,"column":null}},"loc":{"start":{"line":40,"column":4},"end":{"line":46,"column":null}},"line":40},"1":{"name":"getAuthHeaders","decl":{"start":{"line":53,"column":9},"end":{"line":53,"column":39}},"loc":{"start":{"line":53,"column":39},"end":{"line":64,"column":null}},"line":53},"2":{"name":"getAuthTokenHeader","decl":{"start":{"line":69,"column":9},"end":{"line":69,"column":45}},"loc":{"start":{"line":69,"column":45},"end":{"line":72,"column":null}},"line":69},"3":{"name":"handleResponse","decl":{"start":{"line":78,"column":15},"end":{"line":78,"column":33}},"loc":{"start":{"line":78,"column":65},"end":{"line":89,"column":null}},"line":78},"4":{"name":"(anonymous_4)","decl":{"start":{"line":85,"column":46},"end":{"line":85,"column":53}},"loc":{"start":{"line":85,"column":53},"end":{"line":85,"column":81}},"line":85},"5":{"name":"getSchema","decl":{"start":{"line":92,"column":22},"end":{"line":92,"column":59}},"loc":{"start":{"line":92,"column":59},"end":{"line":97,"column":null}},"line":92},"6":{"name":"createExport","decl":{"start":{"line":100,"column":22},"end":{"line":100,"column":35}},"loc":{"start":{"line":100,"column":90},"end":{"line":107,"column":null}},"line":100},"7":{"name":"previewExport","decl":{"start":{"line":109,"column":22},"end":{"line":109,"column":36}},"loc":{"start":{"line":109,"column":92},"end":{"line":116,"column":null}},"line":109},"8":{"name":"getExportResult","decl":{"start":{"line":118,"column":22},"end":{"line":118,"column":38}},"loc":{"start":{"line":118,"column":84},"end":{"line":123,"column":null}},"line":118},"9":{"name":"getExportDownloadUrl","decl":{"start":{"line":125,"column":22},"end":{"line":125,"column":43}},"loc":{"start":{"line":125,"column":93},"end":{"line":130,"column":null}},"line":125},"10":{"name":"uploadImportFile","decl":{"start":{"line":133,"column":22},"end":{"line":133,"column":null}},"loc":{"start":{"line":136,"column":33},"end":{"line":170,"column":null}},"line":136},"11":{"name":"(anonymous_11)","decl":{"start":{"line":154,"column":50},"end":{"line":154,"column":57}},"loc":{"start":{"line":154,"column":57},"end":{"line":154,"column":86}},"line":154},"12":{"name":"previewImport","decl":{"start":{"line":172,"column":22},"end":{"line":172,"column":null}},"loc":{"start":{"line":174,"column":34},"end":{"line":181,"column":null}},"line":174},"13":{"name":"executeImport","decl":{"start":{"line":183,"column":22},"end":{"line":183,"column":null}},"loc":{"start":{"line":185,"column":63},"end":{"line":192,"column":null}},"line":185},"14":{"name":"getJobs","decl":{"start":{"line":195,"column":22},"end":{"line":195,"column":null}},"loc":{"start":{"line":197,"column":45},"end":{"line":213,"column":null}},"line":197},"15":{"name":"getJob","decl":{"start":{"line":215,"column":22},"end":{"line":215,"column":29}},"loc":{"start":{"line":215,"column":68},"end":{"line":220,"column":null}},"line":215},"16":{"name":"createJob","decl":{"start":{"line":222,"column":22},"end":{"line":222,"column":32}},"loc":{"start":{"line":222,"column":82},"end":{"line":229,"column":null}},"line":222},"17":{"name":"deleteJob","decl":{"start":{"line":231,"column":22},"end":{"line":231,"column":32}},"loc":{"start":{"line":231,"column":62},"end":{"line":239,"column":null}},"line":231},"18":{"name":"updateJob","decl":{"start":{"line":241,"column":22},"end":{"line":241,"column":null}},"loc":{"start":{"line":244,"column":26},"end":{"line":251,"column":null}},"line":244},"19":{"name":"cloneJob","decl":{"start":{"line":253,"column":22},"end":{"line":253,"column":null}},"loc":{"start":{"line":256,"column":26},"end":{"line":263,"column":null}},"line":256},"20":{"name":"runJob","decl":{"start":{"line":265,"column":22},"end":{"line":265,"column":29}},"loc":{"start":{"line":265,"column":61},"end":{"line":271,"column":null}},"line":265},"21":{"name":"getJobRuns","decl":{"start":{"line":273,"column":22},"end":{"line":273,"column":33}},"loc":{"start":{"line":273,"column":67},"end":{"line":278,"column":null}},"line":273},"22":{"name":"getJobRun","decl":{"start":{"line":280,"column":22},"end":{"line":280,"column":32}},"loc":{"start":{"line":280,"column":79},"end":{"line":285,"column":null}},"line":280},"23":{"name":"checkHealth","decl":{"start":{"line":288,"column":22},"end":{"line":288,"column":65}},"loc":{"start":{"line":288,"column":65},"end":{"line":291,"column":null}},"line":288}},"branchMap":{"0":{"loc":{"start":{"line":38,"column":4},"end":{"line":38,"column":null}},"type":"default-arg","locations":[{"start":{"line":38,"column":48},"end":{"line":38,"column":null}}],"line":38},"1":{"loc":{"start":{"line":39,"column":4},"end":{"line":39,"column":null}},"type":"default-arg","locations":[{"start":{"line":39,"column":25},"end":{"line":39,"column":null}}],"line":39},"2":{"loc":{"start":{"line":59,"column":2},"end":{"line":61,"column":null}},"type":"if","locations":[{"start":{"line":59,"column":2},"end":{"line":61,"column":null}},{"start":{},"end":{}}],"line":59},"3":{"loc":{"start":{"line":71,"column":9},"end":{"line":71,"column":null}},"type":"cond-expr","locations":[{"start":{"line":71,"column":17},"end":{"line":71,"column":37}},{"start":{"line":71,"column":37},"end":{"line":71,"column":null}}],"line":71},"4":{"loc":{"start":{"line":79,"column":2},"end":{"line":82,"column":null}},"type":"if","locations":[{"start":{"line":79,"column":2},"end":{"line":82,"column":null}},{"start":{},"end":{}}],"line":79},"5":{"loc":{"start":{"line":84,"column":2},"end":{"line":87,"column":null}},"type":"if","locations":[{"start":{"line":84,"column":2},"end":{"line":87,"column":null}},{"start":{},"end":{}}],"line":84},"6":{"loc":{"start":{"line":86,"column":20},"end":{"line":86,"column":78}},"type":"binary-expr","locations":[{"start":{"line":86,"column":20},"end":{"line":86,"column":36}},{"start":{"line":86,"column":36},"end":{"line":86,"column":53}},{"start":{"line":86,"column":53},"end":{"line":86,"column":78}}],"line":86},"7":{"loc":{"start":{"line":142,"column":2},"end":{"line":144,"column":null}},"type":"if","locations":[{"start":{"line":142,"column":2},"end":{"line":144,"column":null}},{"start":{},"end":{}}],"line":142},"8":{"loc":{"start":{"line":153,"column":2},"end":{"line":167,"column":null}},"type":"if","locations":[{"start":{"line":153,"column":2},"end":{"line":167,"column":null}},{"start":{},"end":{}}],"line":153},"9":{"loc":{"start":{"line":157,"column":4},"end":{"line":163,"column":null}},"type":"if","locations":[{"start":{"line":157,"column":4},"end":{"line":163,"column":null}},{"start":{},"end":{}}],"line":157},"10":{"loc":{"start":{"line":157,"column":8},"end":{"line":157,"column":81}},"type":"binary-expr","locations":[{"start":{"line":157,"column":8},"end":{"line":157,"column":52}},{"start":{"line":157,"column":52},"end":{"line":157,"column":81}}],"line":157},"11":{"loc":{"start":{"line":159,"column":8},"end":{"line":159,"column":null}},"type":"binary-expr","locations":[{"start":{"line":159,"column":8},"end":{"line":159,"column":29}},{"start":{"line":159,"column":29},"end":{"line":159,"column":null}}],"line":159},"12":{"loc":{"start":{"line":161,"column":8},"end":{"line":161,"column":null}},"type":"binary-expr","locations":[{"start":{"line":161,"column":8},"end":{"line":161,"column":33}},{"start":{"line":161,"column":33},"end":{"line":161,"column":null}}],"line":161},"13":{"loc":{"start":{"line":166,"column":20},"end":{"line":166,"column":86}},"type":"binary-expr","locations":[{"start":{"line":166,"column":20},"end":{"line":166,"column":40}},{"start":{"line":166,"column":40},"end":{"line":166,"column":61}},{"start":{"line":166,"column":61},"end":{"line":166,"column":86}}],"line":166},"14":{"loc":{"start":{"line":196,"column":2},"end":{"line":196,"column":null}},"type":"default-arg","locations":[{"start":{"line":196,"column":28},"end":{"line":196,"column":null}}],"line":196},"15":{"loc":{"start":{"line":199,"column":2},"end":{"line":199,"column":null}},"type":"if","locations":[{"start":{"line":199,"column":2},"end":{"line":199,"column":null}},{"start":{},"end":{}}],"line":199},"16":{"loc":{"start":{"line":200,"column":2},"end":{"line":200,"column":null}},"type":"if","locations":[{"start":{"line":200,"column":2},"end":{"line":200,"column":null}},{"start":{},"end":{}}],"line":200},"17":{"loc":{"start":{"line":201,"column":2},"end":{"line":201,"column":null}},"type":"if","locations":[{"start":{"line":201,"column":2},"end":{"line":201,"column":null}},{"start":{},"end":{}}],"line":201},"18":{"loc":{"start":{"line":202,"column":2},"end":{"line":202,"column":null}},"type":"if","locations":[{"start":{"line":202,"column":2},"end":{"line":202,"column":null}},{"start":{},"end":{}}],"line":202},"19":{"loc":{"start":{"line":203,"column":2},"end":{"line":203,"column":null}},"type":"if","locations":[{"start":{"line":203,"column":2},"end":{"line":203,"column":null}},{"start":{},"end":{}}],"line":203},"20":{"loc":{"start":{"line":204,"column":2},"end":{"line":204,"column":null}},"type":"if","locations":[{"start":{"line":204,"column":2},"end":{"line":204,"column":null}},{"start":{},"end":{}}],"line":204},"21":{"loc":{"start":{"line":207,"column":33},"end":{"line":207,"column":69}},"type":"cond-expr","locations":[{"start":{"line":207,"column":47},"end":{"line":207,"column":67}},{"start":{"line":207,"column":67},"end":{"line":207,"column":69}}],"line":207},"22":{"loc":{"start":{"line":236,"column":2},"end":{"line":238,"column":null}},"type":"if","locations":[{"start":{"line":236,"column":2},"end":{"line":238,"column":null}},{"start":{},"end":{}}],"line":236}},"s":{"0":3,"1":0,"2":0,"3":0,"4":0,"5":0,"6":54,"7":54,"8":54,"9":54,"10":54,"11":0,"12":0,"13":63,"14":0,"15":0,"16":63,"17":0,"18":0,"19":0,"20":63,"21":1,"22":1,"23":1,"24":1,"25":1,"26":1,"27":0,"28":0,"29":0,"30":0,"31":0,"32":0,"33":0,"34":0,"35":0,"36":0,"37":0,"38":0,"39":0,"40":0,"41":0,"42":0,"43":0,"44":0,"45":0,"46":0,"47":0,"48":0,"49":43,"50":43,"51":43,"52":43,"53":43,"54":43,"55":21,"56":43,"57":2,"58":43,"59":1,"60":43,"61":1,"62":43,"63":43,"64":43,"65":43,"66":2,"67":2,"68":1,"69":1,"70":1,"71":1,"72":0,"73":1,"74":1,"75":1,"76":1,"77":1,"78":1,"79":1,"80":1,"81":0,"82":0,"83":10,"84":10},"f":{"0":0,"1":54,"2":0,"3":63,"4":0,"5":1,"6":1,"7":1,"8":0,"9":0,"10":0,"11":0,"12":0,"13":0,"14":43,"15":2,"16":1,"17":1,"18":1,"19":1,"20":1,"21":1,"22":0,"23":10},"b":{"0":[0],"1":[0],"2":[54,0],"3":[0,0],"4":[0,63],"5":[0,63],"6":[0,0,0],"7":[0,0],"8":[0,0],"9":[0,0],"10":[0,0],"11":[0,0],"12":[0,0],"13":[0,0,0],"14":[43],"15":[43,0],"16":[43,0],"17":[21,22],"18":[2,41],"19":[1,42],"20":[1,42],"21":[43,0],"22":[0,1]},"meta":{"lastBranch":23,"lastFunction":24,"lastStatement":85,"seen":{"s:20:17:20:Infinity":0,"f:36:2:36:Infinity":0,"b:38:48:38:Infinity":0,"b:39:25:39:Infinity":1,"s:41:4:41:Infinity":1,"s:42:4:42:Infinity":2,"s:43:4:43:Infinity":3,"s:44:4:44:Infinity":4,"s:45:4:45:Infinity":5,"f:53:9:53:39":1,"s:54:8:54:Infinity":6,"s:55:31:57:Infinity":7,"b:59:2:61:Infinity:undefined:undefined:undefined:undefined":2,"s:59:2:61:Infinity":8,"s:60:4:60:Infinity":9,"s:63:2:63:Infinity":10,"f:69:9:69:45":2,"s:70:8:70:Infinity":11,"s:71:2:71:Infinity":12,"b:71:17:71:37:71:37:71:Infinity":3,"f:78:15:78:33":3,"b:79:2:82:Infinity:undefined:undefined:undefined:undefined":4,"s:79:2:82:Infinity":13,"s:80:4:80:Infinity":14,"s:81:4:81:Infinity":15,"b:84:2:87:Infinity:undefined:undefined:undefined:undefined":5,"s:84:2:87:Infinity":16,"s:85:18:85:Infinity":17,"f:85:46:85:53":4,"s:85:53:85:81":18,"s:86:4:86:Infinity":19,"b:86:20:86:36:86:36:86:53:86:53:86:78":6,"s:88:2:88:Infinity":20,"f:92:22:92:59":5,"s:93:19:95:Infinity":21,"s:96:2:96:Infinity":22,"f:100:22:100:35":6,"s:101:19:105:Infinity":23,"s:106:2:106:Infinity":24,"f:109:22:109:36":7,"s:110:19:114:Infinity":25,"s:115:2:115:Infinity":26,"f:118:22:118:38":8,"s:119:19:121:Infinity":27,"s:122:2:122:Infinity":28,"f:125:22:125:43":9,"s:126:19:128:Infinity":29,"s:129:2:129:Infinity":30,"f:133:22:133:Infinity":10,"s:137:19:137:Infinity":31,"s:138:2:138:Infinity":32,"s:140:21:140:Infinity":33,"s:141:31:141:Infinity":34,"b:142:2:144:Infinity:undefined:undefined:undefined:undefined":7,"s:142:2:144:Infinity":35,"s:143:4:143:Infinity":36,"s:146:19:150:Infinity":37,"b:153:2:167:Infinity:undefined:undefined:undefined:undefined":8,"s:153:2:167:Infinity":38,"s:154:22:154:Infinity":39,"f:154:50:154:57":11,"s:154:57:154:86":40,"b:157:4:163:Infinity:undefined:undefined:undefined:undefined":9,"s:157:4:163:Infinity":41,"b:157:8:157:52:157:52:157:81":10,"s:158:6:162:Infinity":42,"b:159:8:159:29:159:29:159:Infinity":11,"b:161:8:161:33:161:33:161:Infinity":12,"s:166:4:166:Infinity":43,"b:166:20:166:40:166:40:166:61:166:61:166:86":13,"s:169:2:169:Infinity":44,"f:172:22:172:Infinity":12,"s:175:19:179:Infinity":45,"s:180:2:180:Infinity":46,"f:183:22:183:Infinity":13,"s:186:19:190:Infinity":47,"s:191:2:191:Infinity":48,"f:195:22:195:Infinity":14,"b:196:28:196:Infinity":14,"s:198:23:198:Infinity":49,"b:199:2:199:Infinity:undefined:undefined:undefined:undefined":15,"s:199:2:199:Infinity":50,"s:199:19:199:Infinity":51,"b:200:2:200:Infinity:undefined:undefined:undefined:undefined":16,"s:200:2:200:Infinity":52,"s:200:24:200:Infinity":53,"b:201:2:201:Infinity:undefined:undefined:undefined:undefined":17,"s:201:2:201:Infinity":54,"s:201:23:201:Infinity":55,"b:202:2:202:Infinity:undefined:undefined:undefined:undefined":18,"s:202:2:202:Infinity":56,"s:202:21:202:Infinity":57,"b:203:2:203:Infinity:undefined:undefined:undefined:undefined":19,"s:203:2:203:Infinity":58,"s:203:25:203:Infinity":59,"b:204:2:204:Infinity:undefined:undefined:undefined:undefined":20,"s:204:2:204:Infinity":60,"s:204:23:204:Infinity":61,"s:206:22:206:Infinity":62,"s:207:14:207:Infinity":63,"b:207:47:207:67:207:67:207:69":21,"s:209:19:211:Infinity":64,"s:212:2:212:Infinity":65,"f:215:22:215:29":15,"s:216:19:218:Infinity":66,"s:219:2:219:Infinity":67,"f:222:22:222:32":16,"s:223:19:227:Infinity":68,"s:228:2:228:Infinity":69,"f:231:22:231:32":17,"s:232:19:235:Infinity":70,"b:236:2:238:Infinity:undefined:undefined:undefined:undefined":22,"s:236:2:238:Infinity":71,"s:237:4:237:Infinity":72,"f:241:22:241:Infinity":18,"s:245:19:249:Infinity":73,"s:250:2:250:Infinity":74,"f:253:22:253:Infinity":19,"s:257:19:261:Infinity":75,"s:262:2:262:Infinity":76,"f:265:22:265:29":20,"s:266:19:269:Infinity":77,"s:270:2:270:Infinity":78,"f:273:22:273:33":21,"s:274:19:276:Infinity":79,"s:277:2:277:Infinity":80,"f:280:22:280:32":22,"s:281:19:283:Infinity":81,"s:284:2:284:Infinity":82,"f:288:22:288:65":23,"s:289:19:289:Infinity":83,"s:290:2:290:Infinity":84}}}
,"/Users/rajivkumar/Projects/import-export-orchestrator/ui/src/components/EmptyState.tsx": {"path":"/Users/rajivkumar/Projects/import-export-orchestrator/ui/src/components/EmptyState.tsx","statementMap":{"0":{"start":{"line":18,"column":2},"end":{"line":37,"column":null}}},"fnMap":{"0":{"name":"EmptyState","decl":{"start":{"line":11,"column":16},"end":{"line":11,"column":27}},"loc":{"start":{"line":17,"column":20},"end":{"line":39,"column":null}},"line":17}},"branchMap":{"0":{"loc":{"start":{"line":25,"column":7},"end":{"line":28,"column":null}},"type":"binary-expr","locations":[{"start":{"line":25,"column":7},"end":{"line":25,"column":null}},{"start":{"line":26,"column":8},"end":{"line":28,"column":null}}],"line":25},"1":{"loc":{"start":{"line":31,"column":7},"end":{"line":34,"column":null}},"type":"binary-expr","locations":[{"start":{"line":31,"column":7},"end":{"line":31,"column":null}},{"start":{"line":32,"column":8},"end":{"line":34,"column":null}}],"line":31},"2":{"loc":{"start":{"line":36,"column":7},"end":{"line":36,"column":null}},"type":"binary-expr","locations":[{"start":{"line":36,"column":7},"end":{"line":36,"column":17}},{"start":{"line":36,"column":17},"end":{"line":36,"column":null}}],"line":36}},"s":{"0":11},"f":{"0":11},"b":{"0":[11,6],"1":[11,6],"2":[11,6]},"meta":{"lastBranch":3,"lastFunction":1,"lastStatement":1,"seen":{"f:11:16:11:27":0,"s:18:2:37:Infinity":0,"b:25:7:25:Infinity:26:8:28:Infinity":0,"b:31:7:31:Infinity:32:8:34:Infinity":1,"b:36:7:36:17:36:17:36:Infinity":2}}}
,"/Users/rajivkumar/Projects/import-export-orchestrator/ui/src/components/StatusBadge.tsx": {"path":"/Users/rajivkumar/Projects/import-export-orchestrator/ui/src/components/StatusBadge.tsx","statementMap":{"0":{"start":{"line":8,"column":145},"end":{"line":14,"column":null}},"1":{"start":{"line":17,"column":17},"end":{"line":17,"column":null}},"2":{"start":{"line":19,"column":2},"end":{"line":22,"column":null}}},"fnMap":{"0":{"name":"StatusBadge","decl":{"start":{"line":16,"column":16},"end":{"line":16,"column":28}},"loc":{"start":{"line":16,"column":58},"end":{"line":24,"column":null}},"line":16}},"branchMap":{"0":{"loc":{"start":{"line":17,"column":17},"end":{"line":17,"column":null}},"type":"binary-expr","locations":[{"start":{"line":17,"column":17},"end":{"line":17,"column":41}},{"start":{"line":17,"column":41},"end":{"line":17,"column":null}}],"line":17}},"s":{"0":3,"1":6,"2":6},"f":{"0":6},"b":{"0":[6,1]},"meta":{"lastBranch":1,"lastFunction":1,"lastStatement":3,"seen":{"s:8:145:14:Infinity":0,"f:16:16:16:28":0,"s:17:17:17:Infinity":1,"b:17:17:17:41:17:41:17:Infinity":0,"s:19:2:22:Infinity":2}}}
,"/Users/rajivkumar/Projects/import-export-orchestrator/ui/src/components/ui/badge.tsx": {"path":"/Users/rajivkumar/Projects/import-export-orchestrator/ui/src/components/ui/badge.tsx","statementMap":{"0":{"start":{"line":5,"column":6},"end":{"line":27,"column":null}},"1":{"start":{"line":34,"column":2},"end":{"line":35,"column":null}}},"fnMap":{"0":{"name":"Badge","decl":{"start":{"line":33,"column":9},"end":{"line":33,"column":15}},"loc":{"start":{"line":33,"column":61},"end":{"line":37,"column":null}},"line":33}},"branchMap":{},"s":{"0":3,"1":27},"f":{"0":27},"b":{},"meta":{"lastBranch":0,"lastFunction":1,"lastStatement":2,"seen":{"s:5:6:27:Infinity":0,"f:33:9:33:15":0,"s:34:2:35:Infinity":1}}}
,"/Users/rajivkumar/Projects/import-export-orchestrator/ui/src/components/ui/button.tsx": {"path":"/Users/rajivkumar/Projects/import-export-orchestrator/ui/src/components/ui/button.tsx","statementMap":{"0":{"start":{"line":5,"column":6},"end":{"line":33,"column":null}},"1":{"start":{"line":41,"column":15},"end":{"line":65,"column":null}},"2":{"start":{"line":45,"column":4},"end":{"line":53,"column":null}},"3":{"start":{"line":46,"column":25},"end":{"line":46,"column":null}},"4":{"start":{"line":47,"column":29},"end":{"line":47,"column":null}},"5":{"start":{"line":49,"column":6},"end":{"line":52,"column":null}},"6":{"start":{"line":55,"column":4},"end":{"line":62,"column":null}},"7":{"start":{"line":66,"column":0},"end":{"line":66,"column":null}}},"fnMap":{"0":{"name":"(anonymous_0)","decl":{"start":{"line":42,"column":2},"end":{"line":42,"column":3}},"loc":{"start":{"line":42,"column":78},"end":{"line":64,"column":null}},"line":42}},"branchMap":{"0":{"loc":{"start":{"line":42,"column":31},"end":{"line":42,"column":48}},"type":"default-arg","locations":[{"start":{"line":42,"column":41},"end":{"line":42,"column":48}}],"line":42},"1":{"loc":{"start":{"line":45,"column":4},"end":{"line":53,"column":null}},"type":"if","locations":[{"start":{"line":45,"column":4},"end":{"line":53,"column":null}},{"start":{},"end":{}}],"line":45},"2":{"loc":{"start":{"line":45,"column":8},"end":{"line":45,"column":51}},"type":"binary-expr","locations":[{"start":{"line":45,"column":8},"end":{"line":45,"column":19}},{"start":{"line":45,"column":19},"end":{"line":45,"column":51}}],"line":45},"3":{"loc":{"start":{"line":47,"column":29},"end":{"line":47,"column":null}},"type":"cond-expr","locations":[{"start":{"line":47,"column":72},"end":{"line":47,"column":95}},{"start":{"line":47,"column":95},"end":{"line":47,"column":null}}],"line":47}},"s":{"0":2,"1":2,"2":162,"3":115,"4":115,"5":115,"6":47,"7":2},"f":{"0":162},"b":{"0":[162],"1":[115,47],"2":[162,115],"3":[0,115]},"meta":{"lastBranch":4,"lastFunction":1,"lastStatement":8,"seen":{"s:5:6:33:Infinity":0,"s:41:15:65:Infinity":1,"f:42:2:42:3":0,"b:42:41:42:48":0,"b:45:4:53:Infinity:undefined:undefined:undefined:undefined":1,"s:45:4:53:Infinity":2,"b:45:8:45:19:45:19:45:51":2,"s:46:25:46:Infinity":3,"s:47:29:47:Infinity":4,"b:47:72:47:95:47:95:47:Infinity":3,"s:49:6:52:Infinity":5,"s:55:4:62:Infinity":6,"s:66:0:66:Infinity":7}}}
,"/Users/rajivkumar/Projects/import-export-orchestrator/ui/src/components/ui/card.tsx": {"path":"/Users/rajivkumar/Projects/import-export-orchestrator/ui/src/components/ui/card.tsx","statementMap":{"0":{"start":{"line":4,"column":13},"end":{"line":16,"column":null}},"1":{"start":{"line":8,"column":2},"end":{"line":15,"column":null}},"2":{"start":{"line":17,"column":0},"end":{"line":17,"column":null}},"3":{"start":{"line":19,"column":19},"end":{"line":28,"column":null}},"4":{"start":{"line":23,"column":2},"end":{"line":27,"column":null}},"5":{"start":{"line":29,"column":0},"end":{"line":29,"column":null}},"6":{"start":{"line":31,"column":18},"end":{"line":40,"column":null}},"7":{"start":{"line":35,"column":2},"end":{"line":39,"column":null}},"8":{"start":{"line":41,"column":0},"end":{"line":41,"column":null}},"9":{"start":{"line":43,"column":24},"end":{"line":52,"column":null}},"10":{"start":{"line":47,"column":2},"end":{"line":51,"column":null}},"11":{"start":{"line":53,"column":0},"end":{"line":53,"column":null}},"12":{"start":{"line":55,"column":20},"end":{"line":60,"column":null}},"13":{"start":{"line":59,"column":2},"end":{"line":59,"column":null}},"14":{"start":{"line":61,"column":0},"end":{"line":61,"column":null}},"15":{"start":{"line":63,"column":19},"end":{"line":72,"column":null}},"16":{"start":{"line":67,"column":2},"end":{"line":71,"column":null}},"17":{"start":{"line":73,"column":0},"end":{"line":73,"column":null}}},"fnMap":{"0":{"name":"(anonymous_0)","decl":{"start":{"line":7,"column":2},"end":{"line":7,"column":3}},"loc":{"start":{"line":8,"column":2},"end":{"line":15,"column":null}},"line":8},"1":{"name":"(anonymous_1)","decl":{"start":{"line":22,"column":2},"end":{"line":22,"column":3}},"loc":{"start":{"line":23,"column":2},"end":{"line":27,"column":null}},"line":23},"2":{"name":"(anonymous_2)","decl":{"start":{"line":34,"column":2},"end":{"line":34,"column":3}},"loc":{"start":{"line":35,"column":2},"end":{"line":39,"column":null}},"line":35},"3":{"name":"(anonymous_3)","decl":{"start":{"line":46,"column":2},"end":{"line":46,"column":3}},"loc":{"start":{"line":47,"column":2},"end":{"line":51,"column":null}},"line":47},"4":{"name":"(anonymous_4)","decl":{"start":{"line":58,"column":2},"end":{"line":58,"column":3}},"loc":{"start":{"line":59,"column":2},"end":{"line":59,"column":null}},"line":59},"5":{"name":"(anonymous_5)","decl":{"start":{"line":66,"column":2},"end":{"line":66,"column":3}},"loc":{"start":{"line":67,"column":2},"end":{"line":71,"column":null}},"line":67}},"branchMap":{},"s":{"0":2,"1":120,"2":2,"3":2,"4":120,"5":2,"6":2,"7":68,"8":2,"9":2,"10":120,"11":2,"12":2,"13":120,"14":2,"15":2,"16":0,"17":2},"f":{"0":120,"1":120,"2":68,"3":120,"4":120,"5":0},"b":{},"meta":{"lastBranch":0,"lastFunction":6,"lastStatement":18,"seen":{"s:4:13:16:Infinity":0,"f:7:2:7:3":0,"s:8:2:15:Infinity":1,"s:17:0:17:Infinity":2,"s:19:19:28:Infinity":3,"f:22:2:22:3":1,"s:23:2:27:Infinity":4,"s:29:0:29:Infinity":5,"s:31:18:40:Infinity":6,"f:34:2:34:3":2,"s:35:2:39:Infinity":7,"s:41:0:41:Infinity":8,"s:43:24:52:Infinity":9,"f:46:2:46:3":3,"s:47:2:51:Infinity":10,"s:53:0:53:Infinity":11,"s:55:20:60:Infinity":12,"f:58:2:58:3":4,"s:59:2:59:Infinity":13,"s:61:0:61:Infinity":14,"s:63:19:72:Infinity":15,"f:66:2:66:3":5,"s:67:2:71:Infinity":16,"s:73:0:73:Infinity":17}}}
,"/Users/rajivkumar/Projects/import-export-orchestrator/ui/src/components/ui/confirm-dialog.tsx": {"path":"/Users/rajivkumar/Projects/import-export-orchestrator/ui/src/components/ui/confirm-dialog.tsx","statementMap":{"0":{"start":{"line":35,"column":24},"end":{"line":38,"column":null}},"1":{"start":{"line":36,"column":4},"end":{"line":36,"column":null}},"2":{"start":{"line":37,"column":4},"end":{"line":37,"column":null}},"3":{"start":{"line":40,"column":23},"end":{"line":43,"column":null}},"4":{"start":{"line":41,"column":4},"end":{"line":41,"column":null}},"5":{"start":{"line":42,"column":4},"end":{"line":42,"column":null}},"6":{"start":{"line":45,"column":2},"end":{"line":64,"column":null}},"7":{"start":{"line":78,"column":28},"end":{"line":86,"column":null}},"8":{"start":{"line":88,"column":18},"end":{"line":92,"column":null}},"9":{"start":{"line":89,"column":4},"end":{"line":91,"column":null}},"10":{"start":{"line":90,"column":6},"end":{"line":90,"column":null}},"11":{"start":{"line":94,"column":24},"end":{"line":97,"column":null}},"12":{"start":{"line":95,"column":4},"end":{"line":95,"column":null}},"13":{"start":{"line":96,"column":4},"end":{"line":96,"column":null}},"14":{"start":{"line":99,"column":23},"end":{"line":102,"column":null}},"15":{"start":{"line":100,"column":4},"end":{"line":100,"column":null}},"16":{"start":{"line":101,"column":4},"end":{"line":101,"column":null}},"17":{"start":{"line":104,"column":33},"end":{"line":121,"column":null}},"18":{"start":{"line":105,"column":4},"end":{"line":105,"column":null}},"19":{"start":{"line":105,"column":24},"end":{"line":105,"column":null}},"20":{"start":{"line":106,"column":4},"end":{"line":119,"column":null}},"21":{"start":{"line":110,"column":10},"end":{"line":110,"column":null}},"22":{"start":{"line":110,"column":21},"end":{"line":110,"column":null}},"23":{"start":{"line":123,"column":2},"end":{"line":123,"column":null}}},"fnMap":{"0":{"name":"ConfirmDialog","decl":{"start":{"line":24,"column":16},"end":{"line":24,"column":30}},"loc":{"start":{"line":34,"column":23},"end":{"line":66,"column":null}},"line":34},"1":{"name":"(anonymous_1)","decl":{"start":{"line":35,"column":24},"end":{"line":35,"column":30}},"loc":{"start":{"line":35,"column":30},"end":{"line":38,"column":null}},"line":35},"2":{"name":"(anonymous_2)","decl":{"start":{"line":40,"column":23},"end":{"line":40,"column":29}},"loc":{"start":{"line":40,"column":29},"end":{"line":43,"column":null}},"line":40},"3":{"name":"useConfirm","decl":{"start":{"line":77,"column":16},"end":{"line":77,"column":29}},"loc":{"start":{"line":77,"column":29},"end":{"line":124,"column":null}},"line":77},"4":{"name":"(anonymous_4)","decl":{"start":{"line":88,"column":36},"end":{"line":88,"column":37}},"loc":{"start":{"line":88,"column":86},"end":{"line":92,"column":5}},"line":88},"5":{"name":"(anonymous_5)","decl":{"start":{"line":89,"column":23},"end":{"line":89,"column":24}},"loc":{"start":{"line":89,"column":36},"end":{"line":91,"column":5}},"line":89},"6":{"name":"(anonymous_6)","decl":{"start":{"line":94,"column":42},"end":{"line":94,"column":48}},"loc":{"start":{"line":94,"column":48},"end":{"line":97,"column":5}},"line":94},"7":{"name":"(anonymous_7)","decl":{"start":{"line":99,"column":41},"end":{"line":99,"column":47}},"loc":{"start":{"line":99,"column":47},"end":{"line":102,"column":5}},"line":99},"8":{"name":"(anonymous_8)","decl":{"start":{"line":104,"column":47},"end":{"line":104,"column":53}},"loc":{"start":{"line":104,"column":53},"end":{"line":121,"column":5}},"line":104},"9":{"name":"(anonymous_9)","decl":{"start":{"line":109,"column":22},"end":{"line":109,"column":23}},"loc":{"start":{"line":109,"column":32},"end":{"line":111,"column":null}},"line":109}},"branchMap":{"0":{"loc":{"start":{"line":29,"column":2},"end":{"line":29,"column":null}},"type":"default-arg","locations":[{"start":{"line":29,"column":17},"end":{"line":29,"column":null}}],"line":29},"1":{"loc":{"start":{"line":30,"column":2},"end":{"line":30,"column":null}},"type":"default-arg","locations":[{"start":{"line":30,"column":16},"end":{"line":30,"column":null}}],"line":30},"2":{"loc":{"start":{"line":31,"column":2},"end":{"line":31,"column":null}},"type":"default-arg","locations":[{"start":{"line":31,"column":12},"end":{"line":31,"column":null}}],"line":31},"3":{"loc":{"start":{"line":57,"column":21},"end":{"line":57,"column":null}},"type":"cond-expr","locations":[{"start":{"line":57,"column":49},"end":{"line":57,"column":65}},{"start":{"line":57,"column":65},"end":{"line":57,"column":null}}],"line":57},"4":{"loc":{"start":{"line":105,"column":4},"end":{"line":105,"column":null}},"type":"if","locations":[{"start":{"line":105,"column":4},"end":{"line":105,"column":null}},{"start":{},"end":{}}],"line":105},"5":{"loc":{"start":{"line":110,"column":10},"end":{"line":110,"column":null}},"type":"if","locations":[{"start":{"line":110,"column":10},"end":{"line":110,"column":null}},{"start":{},"end":{}}],"line":110}},"s":{"0":0,"1":0,"2":0,"3":0,"4":0,"5":0,"6":0,"7":16,"8":16,"9":0,"10":0,"11":16,"12":0,"13":0,"14":16,"15":0,"16":0,"17":16,"18":10,"19":10,"20":0,"21":0,"22":0,"23":16},"f":{"0":0,"1":0,"2":0,"3":16,"4":0,"5":0,"6":0,"7":0,"8":10,"9":0},"b":{"0":[0],"1":[0],"2":[0],"3":[0,0],"4":[10,0],"5":[0,0]},"meta":{"lastBranch":6,"lastFunction":10,"lastStatement":24,"seen":{"f:24:16:24:30":0,"b:29:17:29:Infinity":0,"b:30:16:30:Infinity":1,"b:31:12:31:Infinity":2,"s:35:24:38:Infinity":0,"f:35:24:35:30":1,"s:36:4:36:Infinity":1,"s:37:4:37:Infinity":2,"s:40:23:43:Infinity":3,"f:40:23:40:29":2,"s:41:4:41:Infinity":4,"s:42:4:42:Infinity":5,"s:45:2:64:Infinity":6,"b:57:49:57:65:57:65:57:Infinity":3,"f:77:16:77:29":3,"s:78:28:86:Infinity":7,"s:88:18:92:Infinity":8,"f:88:36:88:37":4,"s:89:4:91:Infinity":9,"f:89:23:89:24":5,"s:90:6:90:Infinity":10,"s:94:24:97:Infinity":11,"f:94:42:94:48":6,"s:95:4:95:Infinity":12,"s:96:4:96:Infinity":13,"s:99:23:102:Infinity":14,"f:99:41:99:47":7,"s:100:4:100:Infinity":15,"s:101:4:101:Infinity":16,"s:104:33:121:Infinity":17,"f:104:47:104:53":8,"b:105:4:105:Infinity:undefined:undefined:undefined:undefined":4,"s:105:4:105:Infinity":18,"s:105:24:105:Infinity":19,"s:106:4:119:Infinity":20,"f:109:22:109:23":9,"b:110:10:110:Infinity:undefined:undefined:undefined:undefined":5,"s:110:10:110:Infinity":21,"s:110:21:110:Infinity":22,"s:123:2:123:Infinity":23}}}
,"/Users/rajivkumar/Projects/import-export-orchestrator/ui/src/components/ui/dialog.tsx": {"path":"/Users/rajivkumar/Projects/import-export-orchestrator/ui/src/components/ui/dialog.tsx","statementMap":{"0":{"start":{"line":10,"column":22},"end":{"line":10,"column":null}},"1":{"start":{"line":13,"column":18},"end":{"line":13,"column":null}},"2":{"start":{"line":14,"column":2},"end":{"line":16,"column":null}},"3":{"start":{"line":15,"column":4},"end":{"line":15,"column":null}},"4":{"start":{"line":17,"column":2},"end":{"line":17,"column":null}},"5":{"start":{"line":27,"column":50},"end":{"line":27,"column":null}},"6":{"start":{"line":28,"column":23},"end":{"line":28,"column":null}},"7":{"start":{"line":29,"column":15},"end":{"line":29,"column":null}},"8":{"start":{"line":31,"column":18},"end":{"line":39,"column":null}},"9":{"start":{"line":33,"column":6},"end":{"line":35,"column":null}},"10":{"start":{"line":34,"column":8},"end":{"line":34,"column":null}},"11":{"start":{"line":36,"column":6},"end":{"line":36,"column":null}},"12":{"start":{"line":41,"column":2},"end":{"line":44,"column":null}},"13":{"start":{"line":54,"column":22},"end":{"line":54,"column":null}},"14":{"start":{"line":56,"column":2},"end":{"line":60,"column":null}},"15":{"start":{"line":57,"column":4},"end":{"line":59,"column":null}},"16":{"start":{"line":58,"column":21},"end":{"line":58,"column":null}},"17":{"start":{"line":62,"column":2},"end":{"line":65,"column":null}},"18":{"start":{"line":63,"column":41},"end":{"line":63,"column":null}},"19":{"start":{"line":78,"column":28},"end":{"line":78,"column":null}},"20":{"start":{"line":80,"column":2},"end":{"line":80,"column":null}},"21":{"start":{"line":80,"column":13},"end":{"line":80,"column":null}},"22":{"start":{"line":82,"column":2},"end":{"line":105,"column":null}},"23":{"start":{"line":86,"column":23},"end":{"line":86,"column":null}},"24":{"start":{"line":99,"column":25},"end":{"line":99,"column":null}},"25":{"start":{"line":113,"column":2},"end":{"line":120,"column":null}},"26":{"start":{"line":128,"column":2},"end":{"line":135,"column":null}},"27":{"start":{"line":143,"column":2},"end":{"line":150,"column":null}},"28":{"start":{"line":158,"column":2},"end":{"line":162,"column":null}}},"fnMap":{"0":{"name":"useDialog","decl":{"start":{"line":12,"column":9},"end":{"line":12,"column":21}},"loc":{"start":{"line":12,"column":21},"end":{"line":18,"column":null}},"line":12},"1":{"name":"Dialog","decl":{"start":{"line":26,"column":9},"end":{"line":26,"column":16}},"loc":{"start":{"line":26,"column":79},"end":{"line":46,"column":null}},"line":26},"2":{"name":"(anonymous_2)","decl":{"start":{"line":32,"column":4},"end":{"line":32,"column":5}},"loc":{"start":{"line":32,"column":24},"end":{"line":37,"column":null}},"line":32},"3":{"name":"DialogTrigger","decl":{"start":{"line":53,"column":9},"end":{"line":53,"column":23}},"loc":{"start":{"line":53,"column":66},"end":{"line":67,"column":null}},"line":53},"4":{"name":"(anonymous_4)","decl":{"start":{"line":58,"column":15},"end":{"line":58,"column":21}},"loc":{"start":{"line":58,"column":21},"end":{"line":58,"column":null}},"line":58},"5":{"name":"(anonymous_5)","decl":{"start":{"line":63,"column":35},"end":{"line":63,"column":41}},"loc":{"start":{"line":63,"column":41},"end":{"line":63,"column":null}},"line":63},"6":{"name":"DialogContent","decl":{"start":{"line":73,"column":9},"end":{"line":73,"column":23}},"loc":{"start":{"line":77,"column":23},"end":{"line":107,"column":null}},"line":77},"7":{"name":"(anonymous_7)","decl":{"start":{"line":86,"column":17},"end":{"line":86,"column":23}},"loc":{"start":{"line":86,"column":23},"end":{"line":86,"column":null}},"line":86},"8":{"name":"(anonymous_8)","decl":{"start":{"line":99,"column":19},"end":{"line":99,"column":25}},"loc":{"start":{"line":99,"column":25},"end":{"line":99,"column":null}},"line":99},"9":{"name":"DialogHeader","decl":{"start":{"line":109,"column":9},"end":{"line":109,"column":22}},"loc":{"start":{"line":112,"column":41},"end":{"line":122,"column":null}},"line":112},"10":{"name":"DialogFooter","decl":{"start":{"line":124,"column":9},"end":{"line":124,"column":22}},"loc":{"start":{"line":127,"column":41},"end":{"line":137,"column":null}},"line":127},"11":{"name":"DialogTitle","decl":{"start":{"line":139,"column":9},"end":{"line":139,"column":21}},"loc":{"start":{"line":142,"column":45},"end":{"line":152,"column":null}},"line":142},"12":{"name":"DialogDescription","decl":{"start":{"line":154,"column":9},"end":{"line":154,"column":27}},"loc":{"start":{"line":157,"column":47},"end":{"line":164,"column":null}},"line":157}},"branchMap":{"0":{"loc":{"start":{"line":14,"column":2},"end":{"line":16,"column":null}},"type":"if","locations":[{"start":{"line":14,"column":2},"end":{"line":16,"column":null}},{"start":{},"end":{}}],"line":14},"1":{"loc":{"start":{"line":29,"column":15},"end":{"line":29,"column":null}},"type":"cond-expr","locations":[{"start":{"line":29,"column":30},"end":{"line":29,"column":47}},{"start":{"line":29,"column":47},"end":{"line":29,"column":null}}],"line":29},"2":{"loc":{"start":{"line":33,"column":6},"end":{"line":35,"column":null}},"type":"if","locations":[{"start":{"line":33,"column":6},"end":{"line":35,"column":null}},{"start":{},"end":{}}],"line":33},"3":{"loc":{"start":{"line":56,"column":2},"end":{"line":60,"column":null}},"type":"if","locations":[{"start":{"line":56,"column":2},"end":{"line":60,"column":null}},{"start":{},"end":{}}],"line":56},"4":{"loc":{"start":{"line":56,"column":6},"end":{"line":56,"column":49}},"type":"binary-expr","locations":[{"start":{"line":56,"column":6},"end":{"line":56,"column":17}},{"start":{"line":56,"column":17},"end":{"line":56,"column":49}}],"line":56},"5":{"loc":{"start":{"line":80,"column":2},"end":{"line":80,"column":null}},"type":"if","locations":[{"start":{"line":80,"column":2},"end":{"line":80,"column":null}},{"start":{},"end":{}}],"line":80}},"s":{"0":1,"1":0,"2":0,"3":0,"4":0,"5":0,"6":0,"7":0,"8":0,"9":0,"10":0,"11":0,"12":0,"13":0,"14":0,"15":0,"16":0,"17":0,"18":0,"19":0,"20":0,"21":0,"22":0,"23":0,"24":0,"25":0,"26":0,"27":0,"28":0},"f":{"0":0,"1":0,"2":0,"3":0,"4":0,"5":0,"6":0,"7":0,"8":0,"9":0,"10":0,"11":0,"12":0},"b":{"0":[0,0],"1":[0,0],"2":[0,0],"3":[0,0],"4":[0,0],"5":[0,0]},"meta":{"lastBranch":6,"lastFunction":13,"lastStatement":29,"seen":{"s:10:22:10:Infinity":0,"f:12:9:12:21":0,"s:13:18:13:Infinity":1,"b:14:2:16:Infinity:undefined:undefined:undefined:undefined":0,"s:14:2:16:Infinity":2,"s:15:4:15:Infinity":3,"s:17:2:17:Infinity":4,"f:26:9:26:16":1,"s:27:50:27:Infinity":5,"s:28:23:28:Infinity":6,"s:29:15:29:Infinity":7,"b:29:30:29:47:29:47:29:Infinity":1,"s:31:18:39:Infinity":8,"f:32:4:32:5":2,"b:33:6:35:Infinity:undefined:undefined:undefined:undefined":2,"s:33:6:35:Infinity":9,"s:34:8:34:Infinity":10,"s:36:6:36:Infinity":11,"s:41:2:44:Infinity":12,"f:53:9:53:23":3,"s:54:22:54:Infinity":13,"b:56:2:60:Infinity:undefined:undefined:undefined:undefined":3,"s:56:2:60:Infinity":14,"b:56:6:56:17:56:17:56:49":4,"s:57:4:59:Infinity":15,"f:58:15:58:21":4,"s:58:21:58:Infinity":16,"s:62:2:65:Infinity":17,"f:63:35:63:41":5,"s:63:41:63:Infinity":18,"f:73:9:73:23":6,"s:78:28:78:Infinity":19,"b:80:2:80:Infinity:undefined:undefined:undefined:undefined":5,"s:80:2:80:Infinity":20,"s:80:13:80:Infinity":21,"s:82:2:105:Infinity":22,"f:86:17:86:23":7,"s:86:23:86:Infinity":23,"f:99:19:99:25":8,"s:99:25:99:Infinity":24,"f:109:9:109:22":9,"s:113:2:120:Infinity":25,"f:124:9:124:22":10,"s:128:2:135:Infinity":26,"f:139:9:139:21":11,"s:143:2:150:Infinity":27,"f:154:9:154:27":12,"s:158:2:162:Infinity":28}}}
,"/Users/rajivkumar/Projects/import-export-orchestrator/ui/src/components/ui/input.tsx": {"path":"/Users/rajivkumar/Projects/import-export-orchestrator/ui/src/components/ui/input.tsx","statementMap":{"0":{"start":{"line":7,"column":14},"end":{"line":21,"column":null}},"1":{"start":{"line":9,"column":4},"end":{"line":18,"column":null}},"2":{"start":{"line":22,"column":0},"end":{"line":22,"column":null}}},"fnMap":{"0":{"name":"(anonymous_0)","decl":{"start":{"line":8,"column":2},"end":{"line":8,"column":3}},"loc":{"start":{"line":8,"column":42},"end":{"line":20,"column":null}},"line":8}},"branchMap":{},"s":{"0":1,"1":32,"2":1},"f":{"0":32},"b":{},"meta":{"lastBranch":0,"lastFunction":1,"lastStatement":3,"seen":{"s:7:14:21:Infinity":0,"f:8:2:8:3":0,"s:9:4:18:Infinity":1,"s:22:0:22:Infinity":2}}}
,"/Users/rajivkumar/Projects/import-export-orchestrator/ui/src/components/ui/label.tsx": {"path":"/Users/rajivkumar/Projects/import-export-orchestrator/ui/src/components/ui/label.tsx","statementMap":{"0":{"start":{"line":5,"column":6},"end":{"line":7,"column":null}},"1":{"start":{"line":13,"column":14},"end":{"line":17,"column":null}},"2":{"start":{"line":15,"column":4},"end":{"line":15,"column":null}},"3":{"start":{"line":18,"column":0},"end":{"line":18,"column":null}}},"fnMap":{"0":{"name":"(anonymous_0)","decl":{"start":{"line":14,"column":2},"end":{"line":14,"column":3}},"loc":{"start":{"line":15,"column":4},"end":{"line":15,"column":null}},"line":15}},"branchMap":{},"s":{"0":1,"1":1,"2":64,"3":1},"f":{"0":64},"b":{},"meta":{"lastBranch":0,"lastFunction":1,"lastStatement":4,"seen":{"s:5:6:7:Infinity":0,"s:13:14:17:Infinity":1,"f:14:2:14:3":0,"s:15:4:15:Infinity":2,"s:18:0:18:Infinity":3}}}
,"/Users/rajivkumar/Projects/import-export-orchestrator/ui/src/components/ui/spinner.tsx": {"path":"/Users/rajivkumar/Projects/import-export-orchestrator/ui/src/components/ui/spinner.tsx","statementMap":{"0":{"start":{"line":9,"column":22},"end":{"line":13,"column":null}},"1":{"start":{"line":15,"column":2},"end":{"line":35,"column":null}}},"fnMap":{"0":{"name":"Spinner","decl":{"start":{"line":8,"column":16},"end":{"line":8,"column":24}},"loc":{"start":{"line":8,"column":66},"end":{"line":37,"column":null}},"line":8}},"branchMap":{"0":{"loc":{"start":{"line":8,"column":37},"end":{"line":8,"column":49}},"type":"default-arg","locations":[{"start":{"line":8,"column":44},"end":{"line":8,"column":49}}],"line":8}},"s":{"0":58,"1":58},"f":{"0":58},"b":{"0":[58]},"meta":{"lastBranch":1,"lastFunction":1,"lastStatement":2,"seen":{"f:8:16:8:24":0,"b:8:44:8:49":0,"s:9:22:13:Infinity":0,"s:15:2:35:Infinity":1}}}
,"/Users/rajivkumar/Projects/import-export-orchestrator/ui/src/components/ui/table.tsx": {"path":"/Users/rajivkumar/Projects/import-export-orchestrator/ui/src/components/ui/table.tsx","statementMap":{"0":{"start":{"line":4,"column":14},"end":{"line":15,"column":null}},"1":{"start":{"line":8,"column":2},"end":{"line":14,"column":null}},"2":{"start":{"line":16,"column":0},"end":{"line":16,"column":null}},"3":{"start":{"line":18,"column":20},"end":{"line":23,"column":null}},"4":{"start":{"line":22,"column":2},"end":{"line":22,"column":null}},"5":{"start":{"line":24,"column":0},"end":{"line":24,"column":null}},"6":{"start":{"line":26,"column":18},"end":{"line":35,"column":null}},"7":{"start":{"line":30,"column":2},"end":{"line":34,"column":null}},"8":{"start":{"line":36,"column":0},"end":{"line":36,"column":null}},"9":{"start":{"line":38,"column":20},"end":{"line":50,"column":null}},"10":{"start":{"line":42,"column":2},"end":{"line":49,"column":null}},"11":{"start":{"line":51,"column":0},"end":{"line":51,"column":null}},"12":{"start":{"line":53,"column":17},"end":{"line":65,"column":null}},"13":{"start":{"line":57,"column":2},"end":{"line":64,"column":null}},"14":{"start":{"line":66,"column":0},"end":{"line":66,"column":null}},"15":{"start":{"line":68,"column":18},"end":{"line":80,"column":null}},"16":{"start":{"line":72,"column":2},"end":{"line":79,"column":null}},"17":{"start":{"line":81,"column":0},"end":{"line":81,"column":null}},"18":{"start":{"line":83,"column":18},"end":{"line":95,"column":null}},"19":{"start":{"line":87,"column":2},"end":{"line":94,"column":null}},"20":{"start":{"line":96,"column":0},"end":{"line":96,"column":null}},"21":{"start":{"line":98,"column":21},"end":{"line":107,"column":null}},"22":{"start":{"line":102,"column":2},"end":{"line":106,"column":null}},"23":{"start":{"line":108,"column":0},"end":{"line":108,"column":null}}},"fnMap":{"0":{"name":"(anonymous_0)","decl":{"start":{"line":7,"column":2},"end":{"line":7,"column":3}},"loc":{"start":{"line":8,"column":2},"end":{"line":14,"column":null}},"line":8},"1":{"name":"(anonymous_1)","decl":{"start":{"line":21,"column":2},"end":{"line":21,"column":3}},"loc":{"start":{"line":22,"column":2},"end":{"line":22,"column":null}},"line":22},"2":{"name":"(anonymous_2)","decl":{"start":{"line":29,"column":2},"end":{"line":29,"column":3}},"loc":{"start":{"line":30,"column":2},"end":{"line":34,"column":null}},"line":30},"3":{"name":"(anonymous_3)","decl":{"start":{"line":41,"column":2},"end":{"line":41,"column":3}},"loc":{"start":{"line":42,"column":2},"end":{"line":49,"column":null}},"line":42},"4":{"name":"(anonymous_4)","decl":{"start":{"line":56,"column":2},"end":{"line":56,"column":3}},"loc":{"start":{"line":57,"column":2},"end":{"line":64,"column":null}},"line":57},"5":{"name":"(anonymous_5)","decl":{"start":{"line":71,"column":2},"end":{"line":71,"column":3}},"loc":{"start":{"line":72,"column":2},"end":{"line":79,"column":null}},"line":72},"6":{"name":"(anonymous_6)","decl":{"start":{"line":86,"column":2},"end":{"line":86,"column":3}},"loc":{"start":{"line":87,"column":2},"end":{"line":94,"column":null}},"line":87},"7":{"name":"(anonymous_7)","decl":{"start":{"line":101,"column":2},"end":{"line":101,"column":3}},"loc":{"start":{"line":102,"column":2},"end":{"line":106,"column":null}},"line":102}},"branchMap":{},"s":{"0":1,"1":2,"2":1,"3":1,"4":2,"5":1,"6":1,"7":2,"8":1,"9":1,"10":0,"11":1,"12":1,"13":23,"14":1,"15":1,"16":14,"17":1,"18":1,"19":147,"20":1,"21":1,"22":0,"23":1},"f":{"0":2,"1":2,"2":2,"3":0,"4":23,"5":14,"6":147,"7":0},"b":{},"meta":{"lastBranch":0,"lastFunction":8,"lastStatement":24,"seen":{"s:4:14:15:Infinity":0,"f:7:2:7:3":0,"s:8:2:14:Infinity":1,"s:16:0:16:Infinity":2,"s:18:20:23:Infinity":3,"f:21:2:21:3":1,"s:22:2:22:Infinity":4,"s:24:0:24:Infinity":5,"s:26:18:35:Infinity":6,"f:29:2:29:3":2,"s:30:2:34:Infinity":7,"s:36:0:36:Infinity":8,"s:38:20:50:Infinity":9,"f:41:2:41:3":3,"s:42:2:49:Infinity":10,"s:51:0:51:Infinity":11,"s:53:17:65:Infinity":12,"f:56:2:56:3":4,"s:57:2:64:Infinity":13,"s:66:0:66:Infinity":14,"s:68:18:80:Infinity":15,"f:71:2:71:3":5,"s:72:2:79:Infinity":16,"s:81:0:81:Infinity":17,"s:83:18:95:Infinity":18,"f:86:2:86:3":6,"s:87:2:94:Infinity":19,"s:96:0:96:Infinity":20,"s:98:21:107:Infinity":21,"f:101:2:101:3":7,"s:102:2:106:Infinity":22,"s:108:0:108:Infinity":23}}}
,"/Users/rajivkumar/Projects/import-export-orchestrator/ui/src/components/ui/toast.tsx": {"path":"/Users/rajivkumar/Projects/import-export-orchestrator/ui/src/components/ui/toast.tsx","statementMap":{"0":{"start":{"line":19,"column":62},"end":{"line":24,"column":null}},"1":{"start":{"line":26,"column":52},"end":{"line":31,"column":null}},"2":{"start":{"line":33,"column":49},"end":{"line":38,"column":null}},"3":{"start":{"line":41,"column":15},"end":{"line":41,"column":null}},"4":{"start":{"line":43,"column":2},"end":{"line":66,"column":null}},"5":{"start":{"line":60,"column":23},"end":{"line":60,"column":null}},"6":{"start":{"line":76,"column":2},"end":{"line":81,"column":null}},"7":{"start":{"line":79,"column":8},"end":{"line":79,"column":null}}},"fnMap":{"0":{"name":"ToastItem","decl":{"start":{"line":40,"column":16},"end":{"line":40,"column":26}},"loc":{"start":{"line":40,"column":84},"end":{"line":68,"column":null}},"line":40},"1":{"name":"(anonymous_1)","decl":{"start":{"line":60,"column":17},"end":{"line":60,"column":23}},"loc":{"start":{"line":60,"column":23},"end":{"line":60,"column":null}},"line":60},"2":{"name":"ToastContainer","decl":{"start":{"line":75,"column":16},"end":{"line":75,"column":31}},"loc":{"start":{"line":75,"column":73},"end":{"line":83,"column":null}},"line":75},"3":{"name":"(anonymous_3)","decl":{"start":{"line":78,"column":18},"end":{"line":78,"column":19}},"loc":{"start":{"line":79,"column":8},"end":{"line":79,"column":null}},"line":79}},"branchMap":{"0":{"loc":{"start":{"line":54,"column":9},"end":{"line":55,"column":null}},"type":"binary-expr","locations":[{"start":{"line":54,"column":9},"end":{"line":54,"column":null}},{"start":{"line":55,"column":10},"end":{"line":55,"column":null}}],"line":54}},"s":{"0":4,"1":4,"2":4,"3":0,"4":0,"5":0,"6":31,"7":0},"f":{"0":0,"1":0,"2":31,"3":0},"b":{"0":[0,0]},"meta":{"lastBranch":1,"lastFunction":4,"lastStatement":8,"seen":{"s:19:62:24:Infinity":0,"s:26:52:31:Infinity":1,"s:33:49:38:Infinity":2,"f:40:16:40:26":0,"s:41:15:41:Infinity":3,"s:43:2:66:Infinity":4,"b:54:9:54:Infinity:55:10:55:Infinity":0,"f:60:17:60:23":1,"s:60:23:60:Infinity":5,"f:75:16:75:31":2,"s:76:2:81:Infinity":6,"f:78:18:78:19":3,"s:79:8:79:Infinity":7}}}
,"/Users/rajivkumar/Projects/import-export-orchestrator/ui/src/constants/index.ts": {"path":"/Users/rajivkumar/Projects/import-export-orchestrator/ui/src/constants/index.ts","statementMap":{"0":{"start":{"line":7,"column":24},"end":{"line":7,"column":null}},"1":{"start":{"line":11,"column":26},"end":{"line":16,"column":null}},"2":{"start":{"line":19,"column":26},"end":{"line":22,"column":null}},"3":{"start":{"line":25,"column":30},"end":{"line":31,"column":null}},"4":{"start":{"line":34,"column":26},"end":{"line":40,"column":null}},"5":{"start":{"line":43,"column":24},"end":{"line":46,"column":null}},"6":{"start":{"line":49,"column":32},"end":{"line":61,"column":null}},"7":{"start":{"line":64,"column":37},"end":{"line":74,"column":null}}},"fnMap":{},"branchMap":{},"s":{"0":1,"1":1,"2":1,"3":1,"4":1,"5":1,"6":1,"7":1},"f":{},"b":{},"meta":{"lastBranch":0,"lastFunction":0,"lastStatement":8,"seen":{"s:7:24:7:Infinity":0,"s:11:26:16:Infinity":1,"s:19:26:22:Infinity":2,"s:25:30:31:Infinity":3,"s:34:26:40:Infinity":4,"s:43:24:46:Infinity":5,"s:49:32:61:Infinity":6,"s:64:37:74:Infinity":7}}}
,"/Users/rajivkumar/Projects/import-export-orchestrator/ui/src/contexts/ToastContext.tsx": {"path":"/Users/rajivkumar/Projects/import-export-orchestrator/ui/src/contexts/ToastContext.tsx","statementMap":{"0":{"start":{"line":14,"column":21},"end":{"line":14,"column":null}},"1":{"start":{"line":16,"column":25},"end":{"line":16,"column":null}},"2":{"start":{"line":19,"column":30},"end":{"line":19,"column":null}},"3":{"start":{"line":21,"column":22},"end":{"line":23,"column":null}},"4":{"start":{"line":22,"column":4},"end":{"line":22,"column":null}},"5":{"start":{"line":22,"column":24},"end":{"line":22,"column":55}},"6":{"start":{"line":22,"column":43},"end":{"line":22,"column":54}},"7":{"start":{"line":25,"column":19},"end":{"line":40,"column":null}},"8":{"start":{"line":27,"column":17},"end":{"line":27,"column":null}},"9":{"start":{"line":28,"column":23},"end":{"line":28,"column":null}},"10":{"start":{"line":30,"column":6},"end":{"line":30,"column":null}},"11":{"start":{"line":30,"column":26},"end":{"line":30,"column":53}},"12":{"start":{"line":33,"column":6},"end":{"line":37,"column":null}},"13":{"start":{"line":34,"column":8},"end":{"line":36,"column":null}},"14":{"start":{"line":35,"column":10},"end":{"line":35,"column":null}},"15":{"start":{"line":42,"column":28},"end":{"line":47,"column":null}},"16":{"start":{"line":43,"column":31},"end":{"line":45,"column":null}},"17":{"start":{"line":44,"column":6},"end":{"line":44,"column":null}},"18":{"start":{"line":49,"column":16},"end":{"line":60,"column":null}},"19":{"start":{"line":50,"column":11},"end":{"line":58,"column":null}},"20":{"start":{"line":62,"column":2},"end":{"line":66,"column":null}},"21":{"start":{"line":71,"column":18},"end":{"line":71,"column":null}},"22":{"start":{"line":72,"column":2},"end":{"line":74,"column":null}},"23":{"start":{"line":73,"column":4},"end":{"line":73,"column":null}},"24":{"start":{"line":75,"column":2},"end":{"line":75,"column":null}}},"fnMap":{"0":{"name":"ToastProvider","decl":{"start":{"line":18,"column":16},"end":{"line":18,"column":30}},"loc":{"start":{"line":18,"column":75},"end":{"line":68,"column":null}},"line":18},"1":{"name":"(anonymous_1)","decl":{"start":{"line":21,"column":40},"end":{"line":21,"column":41}},"loc":{"start":{"line":21,"column":56},"end":{"line":23,"column":5}},"line":21},"2":{"name":"(anonymous_2)","decl":{"start":{"line":22,"column":14},"end":{"line":22,"column":15}},"loc":{"start":{"line":22,"column":24},"end":{"line":22,"column":55}},"line":22},"3":{"name":"(anonymous_3)","decl":{"start":{"line":22,"column":36},"end":{"line":22,"column":37}},"loc":{"start":{"line":22,"column":43},"end":{"line":22,"column":54}},"line":22},"4":{"name":"(anonymous_4)","decl":{"start":{"line":26,"column":4},"end":{"line":26,"column":5}},"loc":{"start":{"line":26,"column":34},"end":{"line":38,"column":null}},"line":26},"5":{"name":"(anonymous_5)","decl":{"start":{"line":30,"column":16},"end":{"line":30,"column":17}},"loc":{"start":{"line":30,"column":26},"end":{"line":30,"column":53}},"line":30},"6":{"name":"(anonymous_6)","decl":{"start":{"line":34,"column":19},"end":{"line":34,"column":25}},"loc":{"start":{"line":34,"column":25},"end":{"line":36,"column":11}},"line":34},"7":{"name":"(anonymous_7)","decl":{"start":{"line":43,"column":4},"end":{"line":43,"column":5}},"loc":{"start":{"line":43,"column":31},"end":{"line":45,"column":null}},"line":43},"8":{"name":"(anonymous_8)","decl":{"start":{"line":43,"column":31},"end":{"line":43,"column":32}},"loc":{"start":{"line":43,"column":72},"end":{"line":45,"column":null}},"line":43},"9":{"name":"(anonymous_9)","decl":{"start":{"line":50,"column":4},"end":{"line":50,"column":11}},"loc":{"start":{"line":50,"column":11},"end":{"line":58,"column":null}},"line":50},"10":{"name":"useToast","decl":{"start":{"line":70,"column":16},"end":{"line":70,"column":27}},"loc":{"start":{"line":70,"column":27},"end":{"line":76,"column":null}},"line":70}},"branchMap":{"0":{"loc":{"start":{"line":28,"column":23},"end":{"line":28,"column":null}},"type":"binary-expr","locations":[{"start":{"line":28,"column":23},"end":{"line":28,"column":41}},{"start":{"line":28,"column":41},"end":{"line":28,"column":null}}],"line":28},"1":{"loc":{"start":{"line":33,"column":6},"end":{"line":37,"column":null}},"type":"if","locations":[{"start":{"line":33,"column":6},"end":{"line":37,"column":null}},{"start":{},"end":{}}],"line":33},"2":{"loc":{"start":{"line":72,"column":2},"end":{"line":74,"column":null}},"type":"if","locations":[{"start":{"line":72,"column":2},"end":{"line":74,"column":null}},{"start":{},"end":{}}],"line":72}},"s":{"0":4,"1":4,"2":31,"3":31,"4":0,"5":0,"6":0,"7":31,"8":0,"9":0,"10":0,"11":0,"12":0,"13":0,"14":0,"15":31,"16":124,"17":0,"18":31,"19":31,"20":31,"21":16,"22":16,"23":0,"24":16},"f":{"0":31,"1":0,"2":0,"3":0,"4":0,"5":0,"6":0,"7":124,"8":0,"9":31,"10":16},"b":{"0":[0,0],"1":[0,0],"2":[0,16]},"meta":{"lastBranch":3,"lastFunction":11,"lastStatement":25,"seen":{"s:14:21:14:Infinity":0,"s:16:25:16:Infinity":1,"f:18:16:18:30":0,"s:19:30:19:Infinity":2,"s:21:22:23:Infinity":3,"f:21:40:21:41":1,"s:22:4:22:Infinity":4,"f:22:14:22:15":2,"s:22:24:22:55":5,"f:22:36:22:37":3,"s:22:43:22:54":6,"s:25:19:40:Infinity":7,"f:26:4:26:5":4,"s:27:17:27:Infinity":8,"s:28:23:28:Infinity":9,"b:28:23:28:41:28:41:28:Infinity":0,"s:30:6:30:Infinity":10,"f:30:16:30:17":5,"s:30:26:30:53":11,"b:33:6:37:Infinity:undefined:undefined:undefined:undefined":1,"s:33:6:37:Infinity":12,"s:34:8:36:Infinity":13,"f:34:19:34:25":6,"s:35:10:35:Infinity":14,"s:42:28:47:Infinity":15,"f:43:4:43:5":7,"s:43:31:45:Infinity":16,"f:43:31:43:32":8,"s:44:6:44:Infinity":17,"s:49:16:60:Infinity":18,"f:50:4:50:11":9,"s:50:11:58:Infinity":19,"s:62:2:66:Infinity":20,"f:70:16:70:27":10,"s:71:18:71:Infinity":21,"b:72:2:74:Infinity:undefined:undefined:undefined:undefined":2,"s:72:2:74:Infinity":22,"s:73:4:73:Infinity":23,"s:75:2:75:Infinity":24}}}
,"/Users/rajivkumar/Projects/import-export-orchestrator/ui/src/lib/utils.ts": {"path":"/Users/rajivkumar/Projects/import-export-orchestrator/ui/src/lib/utils.ts","statementMap":{"0":{"start":{"line":5,"column":2},"end":{"line":5,"column":null}},"1":{"start":{"line":14,"column":2},"end":{"line":14,"column":null}},"2":{"start":{"line":23,"column":2},"end":{"line":23,"column":null}},"3":{"start":{"line":32,"column":2},"end":{"line":32,"column":null}},"4":{"start":{"line":41,"column":14},"end":{"line":41,"column":null}},"5":{"start":{"line":42,"column":15},"end":{"line":42,"column":null}},"6":{"start":{"line":43,"column":17},"end":{"line":43,"column":null}},"7":{"start":{"line":44,"column":22},"end":{"line":44,"column":null}},"8":{"start":{"line":45,"column":22},"end":{"line":45,"column":null}},"9":{"start":{"line":46,"column":20},"end":{"line":46,"column":null}},"10":{"start":{"line":47,"column":19},"end":{"line":47,"column":null}},"11":{"start":{"line":49,"column":2},"end":{"line":59,"column":null}},"12":{"start":{"line":50,"column":4},"end":{"line":50,"column":null}},"13":{"start":{"line":51,"column":2},"end":{"line":59,"column":null}},"14":{"start":{"line":52,"column":4},"end":{"line":52,"column":null}},"15":{"start":{"line":53,"column":2},"end":{"line":59,"column":null}},"16":{"start":{"line":54,"column":4},"end":{"line":54,"column":null}},"17":{"start":{"line":55,"column":2},"end":{"line":59,"column":null}},"18":{"start":{"line":56,"column":4},"end":{"line":56,"column":null}},"19":{"start":{"line":58,"column":4},"end":{"line":58,"column":null}},"20":{"start":{"line":68,"column":2},"end":{"line":68,"column":null}},"21":{"start":{"line":68,"column":12},"end":{"line":68,"column":null}},"22":{"start":{"line":69,"column":2},"end":{"line":69,"column":null}}},"fnMap":{"0":{"name":"cn","decl":{"start":{"line":4,"column":16},"end":{"line":4,"column":22}},"loc":{"start":{"line":4,"column":44},"end":{"line":6,"column":null}},"line":4},"1":{"name":"formatDateTime","decl":{"start":{"line":13,"column":16},"end":{"line":13,"column":31}},"loc":{"start":{"line":13,"column":60},"end":{"line":15,"column":null}},"line":13},"2":{"name":"formatDate","decl":{"start":{"line":22,"column":16},"end":{"line":22,"column":27}},"loc":{"start":{"line":22,"column":56},"end":{"line":24,"column":null}},"line":22},"3":{"name":"formatTime","decl":{"start":{"line":31,"column":16},"end":{"line":31,"column":27}},"loc":{"start":{"line":31,"column":56},"end":{"line":33,"column":null}},"line":31},"4":{"name":"formatRelativeTime","decl":{"start":{"line":40,"column":16},"end":{"line":40,"column":35}},"loc":{"start":{"line":40,"column":64},"end":{"line":60,"column":null}},"line":40},"5":{"name":"capitalize","decl":{"start":{"line":67,"column":16},"end":{"line":67,"column":27}},"loc":{"start":{"line":67,"column":48},"end":{"line":70,"column":null}},"line":67}},"branchMap":{"0":{"loc":{"start":{"line":49,"column":2},"end":{"line":59,"column":null}},"type":"if","locations":[{"start":{"line":49,"column":2},"end":{"line":59,"column":null}},{"start":{"line":51,"column":2},"end":{"line":59,"column":null}}],"line":49},"1":{"loc":{"start":{"line":51,"column":2},"end":{"line":59,"column":null}},"type":"if","locations":[{"start":{"line":51,"column":2},"end":{"line":59,"column":null}},{"start":{"line":53,"column":2},"end":{"line":59,"column":null}}],"line":51},"2":{"loc":{"start":{"line":52,"column":35},"end":{"line":52,"column":63}},"type":"cond-expr","locations":[{"start":{"line":52,"column":55},"end":{"line":52,"column":61}},{"start":{"line":52,"column":61},"end":{"line":52,"column":63}}],"line":52},"3":{"loc":{"start":{"line":53,"column":2},"end":{"line":59,"column":null}},"type":"if","locations":[{"start":{"line":53,"column":2},"end":{"line":59,"column":null}},{"start":{"line":55,"column":2},"end":{"line":59,"column":null}}],"line":53},"4":{"loc":{"start":{"line":54,"column":31},"end":{"line":54,"column":57}},"type":"cond-expr","locations":[{"start":{"line":54,"column":49},"end":{"line":54,"column":55}},{"start":{"line":54,"column":55},"end":{"line":54,"column":57}}],"line":54},"5":{"loc":{"start":{"line":55,"column":2},"end":{"line":59,"column":null}},"type":"if","locations":[{"start":{"line":55,"column":2},"end":{"line":59,"column":null}},{"start":{"line":57,"column":9},"end":{"line":59,"column":null}}],"line":55},"6":{"loc":{"start":{"line":56,"column":29},"end":{"line":56,"column":54}},"type":"cond-expr","locations":[{"start":{"line":56,"column":46},"end":{"line":56,"column":52}},{"start":{"line":56,"column":52},"end":{"line":56,"column":54}}],"line":56},"7":{"loc":{"start":{"line":68,"column":2},"end":{"line":68,"column":null}},"type":"if","locations":[{"start":{"line":68,"column":2},"end":{"line":68,"column":null}},{"start":{},"end":{}}],"line":68}},"s":{"0":1101,"1":0,"2":0,"3":0,"4":0,"5":0,"6":0,"7":0,"8":0,"9":0,"10":0,"11":0,"12":0,"13":0,"14":0,"15":0,"16":0,"17":0,"18":0,"19":0,"20":0,"21":0,"22":0},"f":{"0":1101,"1":0,"2":0,"3":0,"4":0,"5":0},"b":{"0":[0,0],"1":[0,0],"2":[0,0],"3":[0,0],"4":[0,0],"5":[0,0],"6":[0,0],"7":[0,0]},"meta":{"lastBranch":8,"lastFunction":6,"lastStatement":23,"seen":{"f:4:16:4:22":0,"s:5:2:5:Infinity":0,"f:13:16:13:31":1,"s:14:2:14:Infinity":1,"f:22:16:22:27":2,"s:23:2:23:Infinity":2,"f:31:16:31:27":3,"s:32:2:32:Infinity":3,"f:40:16:40:35":4,"s:41:14:41:Infinity":4,"s:42:15:42:Infinity":5,"s:43:17:43:Infinity":6,"s:44:22:44:Infinity":7,"s:45:22:45:Infinity":8,"s:46:20:46:Infinity":9,"s:47:19:47:Infinity":10,"b:49:2:59:Infinity:51:2:59:Infinity":0,"s:49:2:59:Infinity":11,"s:50:4:50:Infinity":12,"b:51:2:59:Infinity:53:2:59:Infinity":1,"s:51:2:59:Infinity":13,"s:52:4:52:Infinity":14,"b:52:55:52:61:52:61:52:63":2,"b:53:2:59:Infinity:55:2:59:Infinity":3,"s:53:2:59:Infinity":15,"s:54:4:54:Infinity":16,"b:54:49:54:55:54:55:54:57":4,"b:55:2:59:Infinity:57:9:59:Infinity":5,"s:55:2:59:Infinity":17,"s:56:4:56:Infinity":18,"b:56:46:56:52:56:52:56:54":6,"s:58:4:58:Infinity":19,"f:67:16:67:27":5,"b:68:2:68:Infinity:undefined:undefined:undefined:undefined":7,"s:68:2:68:Infinity":20,"s:68:12:68:Infinity":21,"s:69:2:69:Infinity":22}}}
,"/Users/rajivkumar/Projects/import-export-orchestrator/ui/src/pages/Dashboard.tsx": {"path":"/Users/rajivkumar/Projects/import-export-orchestrator/ui/src/pages/Dashboard.tsx","statementMap":{"0":{"start":{"line":26,"column":49},"end":{"line":30,"column":null}},"1":{"start":{"line":33,"column":49},"end":{"line":36,"column":null}},"2":{"start":{"line":35,"column":13},"end":{"line":35,"column":null}},"3":{"start":{"line":39,"column":27},"end":{"line":42,"column":null}},"4":{"start":{"line":41,"column":13},"end":{"line":41,"column":null}},"5":{"start":{"line":45,"column":27},"end":{"line":48,"column":null}},"6":{"start":{"line":47,"column":13},"end":{"line":47,"column":null}},"7":{"start":{"line":50,"column":21},"end":{"line":50,"column":null}},"8":{"start":{"line":51,"column":20},"end":{"line":51,"column":null}},"9":{"start":{"line":52,"column":22},"end":{"line":52,"column":null}},"10":{"start":{"line":53,"column":22},"end":{"line":53,"column":null}},"11":{"start":{"line":55,"column":2},"end":{"line":267,"column":null}},"12":{"start":{"line":224,"column":16},"end":{"line":261,"column":null}}},"fnMap":{"0":{"name":"Dashboard","decl":{"start":{"line":25,"column":16},"end":{"line":25,"column":28}},"loc":{"start":{"line":25,"column":28},"end":{"line":269,"column":null}},"line":25},"1":{"name":"(anonymous_1)","decl":{"start":{"line":35,"column":13},"end":{"line":35,"column":19}},"loc":{"start":{"line":35,"column":13},"end":{"line":35,"column":null}},"line":35},"2":{"name":"(anonymous_2)","decl":{"start":{"line":41,"column":13},"end":{"line":41,"column":19}},"loc":{"start":{"line":41,"column":13},"end":{"line":41,"column":null}},"line":41},"3":{"name":"(anonymous_3)","decl":{"start":{"line":47,"column":13},"end":{"line":47,"column":19}},"loc":{"start":{"line":47,"column":13},"end":{"line":47,"column":null}},"line":47},"4":{"name":"(anonymous_4)","decl":{"start":{"line":223,"column":30},"end":{"line":223,"column":31}},"loc":{"start":{"line":224,"column":16},"end":{"line":261,"column":null}},"line":224}},"branchMap":{"0":{"loc":{"start":{"line":50,"column":21},"end":{"line":50,"column":null}},"type":"binary-expr","locations":[{"start":{"line":50,"column":21},"end":{"line":50,"column":40}},{"start":{"line":50,"column":40},"end":{"line":50,"column":null}}],"line":50},"1":{"loc":{"start":{"line":51,"column":20},"end":{"line":51,"column":null}},"type":"binary-expr","locations":[{"start":{"line":51,"column":20},"end":{"line":51,"column":39}},{"start":{"line":51,"column":39},"end":{"line":51,"column":null}}],"line":51},"2":{"loc":{"start":{"line":52,"column":22},"end":{"line":52,"column":null}},"type":"binary-expr","locations":[{"start":{"line":52,"column":22},"end":{"line":52,"column":43}},{"start":{"line":52,"column":43},"end":{"line":52,"column":null}}],"line":52},"3":{"loc":{"start":{"line":53,"column":22},"end":{"line":53,"column":null}},"type":"binary-expr","locations":[{"start":{"line":53,"column":22},"end":{"line":53,"column":43}},{"start":{"line":53,"column":43},"end":{"line":53,"column":null}}],"line":53},"4":{"loc":{"start":{"line":135,"column":13},"end":{"line":146,"column":null}},"type":"cond-expr","locations":[{"start":{"line":136,"column":14},"end":{"line":136,"column":null}},{"start":{"line":137,"column":16},"end":{"line":146,"column":null}}],"line":135},"5":{"loc":{"start":{"line":137,"column":16},"end":{"line":146,"column":null}},"type":"cond-expr","locations":[{"start":{"line":138,"column":14},"end":{"line":141,"column":null}},{"start":{"line":143,"column":14},"end":{"line":146,"column":null}}],"line":137},"6":{"loc":{"start":{"line":157,"column":15},"end":{"line":157,"column":null}},"type":"cond-expr","locations":[{"start":{"line":157,"column":29},"end":{"line":157,"column":53}},{"start":{"line":157,"column":53},"end":{"line":157,"column":null}}],"line":157},"7":{"loc":{"start":{"line":168,"column":15},"end":{"line":168,"column":null}},"type":"cond-expr","locations":[{"start":{"line":168,"column":29},"end":{"line":168,"column":53}},{"start":{"line":168,"column":53},"end":{"line":168,"column":null}}],"line":168},"8":{"loc":{"start":{"line":179,"column":15},"end":{"line":179,"column":null}},"type":"cond-expr","locations":[{"start":{"line":179,"column":29},"end":{"line":179,"column":53}},{"start":{"line":179,"column":53},"end":{"line":179,"column":null}}],"line":179},"9":{"loc":{"start":{"line":201,"column":11},"end":{"line":263,"column":null}},"type":"cond-expr","locations":[{"start":{"line":202,"column":12},"end":{"line":204,"column":null}},{"start":{"line":205,"column":14},"end":{"line":263,"column":null}}],"line":201},"10":{"loc":{"start":{"line":205,"column":14},"end":{"line":263,"column":null}},"type":"cond-expr","locations":[{"start":{"line":206,"column":12},"end":{"line":220,"column":null}},{"start":{"line":222,"column":12},"end":{"line":263,"column":null}}],"line":205},"11":{"loc":{"start":{"line":232,"column":24},"end":{"line":234,"column":null}},"type":"cond-expr","locations":[{"start":{"line":233,"column":28},"end":{"line":233,"column":null}},{"start":{"line":234,"column":28},"end":{"line":234,"column":null}}],"line":232},"12":{"loc":{"start":{"line":237,"column":23},"end":{"line":240,"column":null}},"type":"cond-expr","locations":[{"start":{"line":238,"column":24},"end":{"line":238,"column":null}},{"start":{"line":240,"column":24},"end":{"line":240,"column":null}}],"line":237},"13":{"loc":{"start":{"line":246,"column":25},"end":{"line":248,"column":55}},"type":"cond-expr","locations":[{"start":{"line":247,"column":28},"end":{"line":247,"column":null}},{"start":{"line":248,"column":28},"end":{"line":248,"column":55}}],"line":246},"14":{"loc":{"start":{"line":254,"column":21},"end":{"line":257,"column":null}},"type":"cond-expr","locations":[{"start":{"line":255,"column":22},"end":{"line":255,"column":null}},{"start":{"line":257,"column":22},"end":{"line":257,"column":null}}],"line":254}},"s":{"0":13,"1":13,"2":9,"3":13,"4":9,"5":13,"6":9,"7":13,"8":13,"9":13,"10":13,"11":13,"12":0},"f":{"0":13,"1":9,"2":9,"3":9,"4":0},"b":{"0":[13,9],"1":[13,12],"2":[13,12],"3":[13,12],"4":[9,4],"5":[3,1],"6":[9,4],"7":[9,4],"8":[9,4],"9":[9,4],"10":[4,0],"11":[0,0],"12":[0,0],"13":[0,0],"14":[0,0]},"meta":{"lastBranch":15,"lastFunction":5,"lastStatement":13,"seen":{"f:25:16:25:28":0,"s:26:49:30:Infinity":0,"s:33:49:36:Infinity":1,"f:35:13:35:19":1,"s:35:13:35:Infinity":2,"s:39:27:42:Infinity":3,"f:41:13:41:19":2,"s:41:13:41:Infinity":4,"s:45:27:48:Infinity":5,"f:47:13:47:19":3,"s:47:13:47:Infinity":6,"s:50:21:50:Infinity":7,"b:50:21:50:40:50:40:50:Infinity":0,"s:51:20:51:Infinity":8,"b:51:20:51:39:51:39:51:Infinity":1,"s:52:22:52:Infinity":9,"b:52:22:52:43:52:43:52:Infinity":2,"s:53:22:53:Infinity":10,"b:53:22:53:43:53:43:53:Infinity":3,"s:55:2:267:Infinity":11,"b:136:14:136:Infinity:137:16:146:Infinity":4,"b:138:14:141:Infinity:143:14:146:Infinity":5,"b:157:29:157:53:157:53:157:Infinity":6,"b:168:29:168:53:168:53:168:Infinity":7,"b:179:29:179:53:179:53:179:Infinity":8,"b:202:12:204:Infinity:205:14:263:Infinity":9,"b:206:12:220:Infinity:222:12:263:Infinity":10,"f:223:30:223:31":4,"s:224:16:261:Infinity":12,"b:233:28:233:Infinity:234:28:234:Infinity":11,"b:238:24:238:Infinity:240:24:240:Infinity":12,"b:247:28:247:Infinity:248:28:248:55":13,"b:255:22:255:Infinity:257:22:257:Infinity":14}}}
,"/Users/rajivkumar/Projects/import-export-orchestrator/ui/src/pages/jobs/JobList.tsx": {"path":"/Users/rajivkumar/Projects/import-export-orchestrator/ui/src/pages/jobs/JobList.tsx","statementMap":{"0":{"start":{"line":45,"column":8},"end":{"line":45,"column":null}},"1":{"start":{"line":46,"column":8},"end":{"line":46,"column":null}},"2":{"start":{"line":47,"column":33},"end":{"line":47,"column":null}},"3":{"start":{"line":48,"column":22},"end":{"line":48,"column":null}},"4":{"start":{"line":49,"column":17},"end":{"line":49,"column":null}},"5":{"start":{"line":50,"column":40},"end":{"line":50,"column":null}},"6":{"start":{"line":51,"column":38},"end":{"line":51,"column":null}},"7":{"start":{"line":52,"column":32},"end":{"line":52,"column":null}},"8":{"start":{"line":53,"column":28},"end":{"line":53,"column":null}},"9":{"start":{"line":55,"column":39},"end":{"line":62,"column":null}},"10":{"start":{"line":64,"column":38},"end":{"line":67,"column":null}},"11":{"start":{"line":66,"column":13},"end":{"line":66,"column":null}},"12":{"start":{"line":69,"column":15},"end":{"line":69,"column":null}},"13":{"start":{"line":70,"column":21},"end":{"line":70,"column":null}},"14":{"start":{"line":71,"column":16},"end":{"line":71,"column":null}},"15":{"start":{"line":73,"column":8},"end":{"line":82,"column":null}},"16":{"start":{"line":76,"column":6},"end":{"line":76,"column":null}},"17":{"start":{"line":77,"column":6},"end":{"line":77,"column":null}},"18":{"start":{"line":80,"column":6},"end":{"line":80,"column":null}},"19":{"start":{"line":84,"column":8},"end":{"line":89,"column":null}},"20":{"start":{"line":87,"column":6},"end":{"line":87,"column":null}},"21":{"start":{"line":91,"column":20},"end":{"line":100,"column":null}},"22":{"start":{"line":92,"column":4},"end":{"line":98,"column":null}},"23":{"start":{"line":93,"column":6},"end":{"line":96,"column":null}},"24":{"start":{"line":97,"column":6},"end":{"line":97,"column":null}},"25":{"start":{"line":99,"column":4},"end":{"line":99,"column":null}},"26":{"start":{"line":102,"column":23},"end":{"line":112,"column":null}},"27":{"start":{"line":103,"column":22},"end":{"line":108,"column":null}},"28":{"start":{"line":109,"column":4},"end":{"line":111,"column":null}},"29":{"start":{"line":110,"column":6},"end":{"line":110,"column":null}},"30":{"start":{"line":114,"column":29},"end":{"line":125,"column":null}},"31":{"start":{"line":115,"column":4},"end":{"line":115,"column":null}},"32":{"start":{"line":116,"column":4},"end":{"line":124,"column":null}},"33":{"start":{"line":117,"column":6},"end":{"line":117,"column":null}},"34":{"start":{"line":118,"column":4},"end":{"line":124,"column":null}},"35":{"start":{"line":119,"column":6},"end":{"line":119,"column":null}},"36":{"start":{"line":120,"column":4},"end":{"line":124,"column":null}},"37":{"start":{"line":121,"column":6},"end":{"line":121,"column":null}},"38":{"start":{"line":122,"column":4},"end":{"line":124,"column":null}},"39":{"start":{"line":123,"column":6},"end":{"line":123,"column":null}},"40":{"start":{"line":127,"column":26},"end":{"line":133,"column":null}},"41":{"start":{"line":128,"column":4},"end":{"line":128,"column":null}},"42":{"start":{"line":129,"column":4},"end":{"line":129,"column":null}},"43":{"start":{"line":130,"column":4},"end":{"line":130,"column":null}},"44":{"start":{"line":131,"column":4},"end":{"line":131,"column":null}},"45":{"start":{"line":132,"column":4},"end":{"line":132,"column":null}},"46":{"start":{"line":135,"column":21},"end":{"line":135,"column":null}},"47":{"start":{"line":137,"column":2},"end":{"line":410,"column":null}},"48":{"start":{"line":185,"column":35},"end":{"line":185,"column":null}},"49":{"start":{"line":197,"column":35},"end":{"line":197,"column":null}},"50":{"start":{"line":201,"column":20},"end":{"line":203,"column":null}},"51":{"start":{"line":213,"column":35},"end":{"line":213,"column":null}},"52":{"start":{"line":222,"column":35},"end":{"line":222,"column":null}},"53":{"start":{"line":286,"column":20},"end":{"line":372,"column":null}},"54":{"start":{"line":350,"column":43},"end":{"line":350,"column":null}},"55":{"start":{"line":359,"column":43},"end":{"line":359,"column":null}},"56":{"start":{"line":387,"column":37},"end":{"line":387,"column":null}},"57":{"start":{"line":387,"column":52},"end":{"line":387,"column":70}},"58":{"start":{"line":396,"column":37},"end":{"line":396,"column":null}},"59":{"start":{"line":396,"column":52},"end":{"line":396,"column":79}}},"fnMap":{"0":{"name":"JobList","decl":{"start":{"line":44,"column":16},"end":{"line":44,"column":26}},"loc":{"start":{"line":44,"column":26},"end":{"line":412,"column":null}},"line":44},"1":{"name":"(anonymous_1)","decl":{"start":{"line":66,"column":13},"end":{"line":66,"column":19}},"loc":{"start":{"line":66,"column":13},"end":{"line":66,"column":null}},"line":66},"2":{"name":"(anonymous_2)","decl":{"start":{"line":75,"column":15},"end":{"line":75,"column":16}},"loc":{"start":{"line":75,"column":25},"end":{"line":78,"column":null}},"line":75},"3":{"name":"(anonymous_3)","decl":{"start":{"line":79,"column":13},"end":{"line":79,"column":14}},"loc":{"start":{"line":79,"column":24},"end":{"line":81,"column":null}},"line":79},"4":{"name":"(anonymous_4)","decl":{"start":{"line":86,"column":15},"end":{"line":86,"column":21}},"loc":{"start":{"line":86,"column":21},"end":{"line":88,"column":null}},"line":86},"5":{"name":"(anonymous_5)","decl":{"start":{"line":91,"column":20},"end":{"line":91,"column":21}},"loc":{"start":{"line":91,"column":73},"end":{"line":100,"column":null}},"line":91},"6":{"name":"(anonymous_6)","decl":{"start":{"line":102,"column":23},"end":{"line":102,"column":30}},"loc":{"start":{"line":102,"column":48},"end":{"line":112,"column":null}},"line":102},"7":{"name":"(anonymous_7)","decl":{"start":{"line":114,"column":29},"end":{"line":114,"column":30}},"loc":{"start":{"line":114,"column":102},"end":{"line":125,"column":null}},"line":114},"8":{"name":"(anonymous_8)","decl":{"start":{"line":127,"column":26},"end":{"line":127,"column":32}},"loc":{"start":{"line":127,"column":32},"end":{"line":133,"column":null}},"line":127},"9":{"name":"(anonymous_9)","decl":{"start":{"line":185,"column":28},"end":{"line":185,"column":29}},"loc":{"start":{"line":185,"column":35},"end":{"line":185,"column":null}},"line":185},"10":{"name":"(anonymous_10)","decl":{"start":{"line":197,"column":28},"end":{"line":197,"column":29}},"loc":{"start":{"line":197,"column":35},"end":{"line":197,"column":null}},"line":197},"11":{"name":"(anonymous_11)","decl":{"start":{"line":200,"column":32},"end":{"line":200,"column":33}},"loc":{"start":{"line":201,"column":20},"end":{"line":203,"column":null}},"line":201},"12":{"name":"(anonymous_12)","decl":{"start":{"line":213,"column":28},"end":{"line":213,"column":29}},"loc":{"start":{"line":213,"column":35},"end":{"line":213,"column":null}},"line":213},"13":{"name":"(anonymous_13)","decl":{"start":{"line":222,"column":28},"end":{"line":222,"column":29}},"loc":{"start":{"line":222,"column":35},"end":{"line":222,"column":null}},"line":222},"14":{"name":"(anonymous_14)","decl":{"start":{"line":285,"column":28},"end":{"line":285,"column":29}},"loc":{"start":{"line":286,"column":20},"end":{"line":372,"column":null}},"line":286},"15":{"name":"(anonymous_15)","decl":{"start":{"line":350,"column":37},"end":{"line":350,"column":43}},"loc":{"start":{"line":350,"column":43},"end":{"line":350,"column":null}},"line":350},"16":{"name":"(anonymous_16)","decl":{"start":{"line":359,"column":37},"end":{"line":359,"column":43}},"loc":{"start":{"line":359,"column":43},"end":{"line":359,"column":null}},"line":359},"17":{"name":"(anonymous_17)","decl":{"start":{"line":387,"column":31},"end":{"line":387,"column":37}},"loc":{"start":{"line":387,"column":37},"end":{"line":387,"column":null}},"line":387},"18":{"name":"(anonymous_18)","decl":{"start":{"line":387,"column":45},"end":{"line":387,"column":46}},"loc":{"start":{"line":387,"column":52},"end":{"line":387,"column":70}},"line":387},"19":{"name":"(anonymous_19)","decl":{"start":{"line":396,"column":31},"end":{"line":396,"column":37}},"loc":{"start":{"line":396,"column":37},"end":{"line":396,"column":null}},"line":396},"20":{"name":"(anonymous_20)","decl":{"start":{"line":396,"column":45},"end":{"line":396,"column":46}},"loc":{"start":{"line":396,"column":52},"end":{"line":396,"column":79}},"line":396}},"branchMap":{"0":{"loc":{"start":{"line":58,"column":8},"end":{"line":58,"column":null}},"type":"binary-expr","locations":[{"start":{"line":58,"column":8},"end":{"line":58,"column":25}},{"start":{"line":58,"column":25},"end":{"line":58,"column":null}}],"line":58},"1":{"loc":{"start":{"line":59,"column":8},"end":{"line":59,"column":null}},"type":"binary-expr","locations":[{"start":{"line":59,"column":8},"end":{"line":59,"column":24}},{"start":{"line":59,"column":24},"end":{"line":59,"column":null}}],"line":59},"2":{"loc":{"start":{"line":60,"column":8},"end":{"line":60,"column":null}},"type":"binary-expr","locations":[{"start":{"line":60,"column":8},"end":{"line":60,"column":21}},{"start":{"line":60,"column":21},"end":{"line":60,"column":null}}],"line":60},"3":{"loc":{"start":{"line":61,"column":8},"end":{"line":61,"column":null}},"type":"binary-expr","locations":[{"start":{"line":61,"column":8},"end":{"line":61,"column":19}},{"start":{"line":61,"column":19},"end":{"line":61,"column":null}}],"line":61},"4":{"loc":{"start":{"line":69,"column":15},"end":{"line":69,"column":null}},"type":"binary-expr","locations":[{"start":{"line":69,"column":15},"end":{"line":69,"column":30}},{"start":{"line":69,"column":30},"end":{"line":69,"column":null}}],"line":69},"5":{"loc":{"start":{"line":70,"column":21},"end":{"line":70,"column":null}},"type":"binary-expr","locations":[{"start":{"line":70,"column":21},"end":{"line":70,"column":42}},{"start":{"line":70,"column":42},"end":{"line":70,"column":null}}],"line":70},"6":{"loc":{"start":{"line":71,"column":16},"end":{"line":71,"column":null}},"type":"binary-expr","locations":[{"start":{"line":71,"column":16},"end":{"line":71,"column":31}},{"start":{"line":71,"column":31},"end":{"line":71,"column":null}}],"line":71},"7":{"loc":{"start":{"line":80,"column":39},"end":{"line":80,"column":95}},"type":"cond-expr","locations":[{"start":{"line":80,"column":64},"end":{"line":80,"column":80}},{"start":{"line":80,"column":80},"end":{"line":80,"column":95}}],"line":80},"8":{"loc":{"start":{"line":92,"column":4},"end":{"line":98,"column":null}},"type":"if","locations":[{"start":{"line":92,"column":4},"end":{"line":98,"column":null}},{"start":{},"end":{}}],"line":92},"9":{"loc":{"start":{"line":109,"column":4},"end":{"line":111,"column":null}},"type":"if","locations":[{"start":{"line":109,"column":4},"end":{"line":111,"column":null}},{"start":{},"end":{}}],"line":109},"10":{"loc":{"start":{"line":116,"column":4},"end":{"line":124,"column":null}},"type":"if","locations":[{"start":{"line":116,"column":4},"end":{"line":124,"column":null}},{"start":{"line":118,"column":4},"end":{"line":124,"column":null}}],"line":116},"11":{"loc":{"start":{"line":118,"column":4},"end":{"line":124,"column":null}},"type":"if","locations":[{"start":{"line":118,"column":4},"end":{"line":124,"column":null}},{"start":{"line":120,"column":4},"end":{"line":124,"column":null}}],"line":118},"12":{"loc":{"start":{"line":120,"column":4},"end":{"line":124,"column":null}},"type":"if","locations":[{"start":{"line":120,"column":4},"end":{"line":124,"column":null}},{"start":{"line":122,"column":4},"end":{"line":124,"column":null}}],"line":120},"13":{"loc":{"start":{"line":122,"column":4},"end":{"line":124,"column":null}},"type":"if","locations":[{"start":{"line":122,"column":4},"end":{"line":124,"column":null}},{"start":{},"end":{}}],"line":122},"14":{"loc":{"start":{"line":135,"column":21},"end":{"line":135,"column":null}},"type":"binary-expr","locations":[{"start":{"line":135,"column":21},"end":{"line":135,"column":38}},{"start":{"line":135,"column":38},"end":{"line":135,"column":54}},{"start":{"line":135,"column":54},"end":{"line":135,"column":67}},{"start":{"line":135,"column":67},"end":{"line":135,"column":null}}],"line":135},"15":{"loc":{"start":{"line":169,"column":19},"end":{"line":169,"column":null}},"type":"cond-expr","locations":[{"start":{"line":169,"column":31},"end":{"line":169,"column":79}},{"start":{"line":169,"column":79},"end":{"line":169,"column":null}}],"line":169},"16":{"loc":{"start":{"line":169,"column":46},"end":{"line":169,"column":68}},"type":"cond-expr","locations":[{"start":{"line":169,"column":60},"end":{"line":169,"column":66}},{"start":{"line":169,"column":66},"end":{"line":169,"column":68}}],"line":169},"17":{"loc":{"start":{"line":172,"column":15},"end":{"line":176,"column":null}},"type":"binary-expr","locations":[{"start":{"line":172,"column":15},"end":{"line":172,"column":null}},{"start":{"line":173,"column":16},"end":{"line":176,"column":null}}],"line":172},"18":{"loc":{"start":{"line":229,"column":11},"end":{"line":405,"column":null}},"type":"cond-expr","locations":[{"start":{"line":230,"column":12},"end":{"line":232,"column":null}},{"start":{"line":233,"column":14},"end":{"line":405,"column":null}}],"line":229},"19":{"loc":{"start":{"line":233,"column":14},"end":{"line":405,"column":null}},"type":"cond-expr","locations":[{"start":{"line":234,"column":12},"end":{"line":264,"column":null}},{"start":{"line":266,"column":12},"end":{"line":405,"column":null}}],"line":233},"20":{"loc":{"start":{"line":238,"column":16},"end":{"line":240,"column":null}},"type":"cond-expr","locations":[{"start":{"line":239,"column":20},"end":{"line":239,"column":null}},{"start":{"line":240,"column":20},"end":{"line":240,"column":null}}],"line":238},"21":{"loc":{"start":{"line":243,"column":16},"end":{"line":261,"column":null}},"type":"cond-expr","locations":[{"start":{"line":244,"column":18},"end":{"line":257,"column":null}},{"start":{"line":259,"column":18},"end":{"line":261,"column":null}}],"line":243},"22":{"loc":{"start":{"line":267,"column":15},"end":{"line":270,"column":null}},"type":"binary-expr","locations":[{"start":{"line":267,"column":15},"end":{"line":267,"column":29}},{"start":{"line":267,"column":29},"end":{"line":267,"column":null}},{"start":{"line":268,"column":16},"end":{"line":270,"column":null}}],"line":267},"23":{"loc":{"start":{"line":298,"column":28},"end":{"line":298,"column":null}},"type":"cond-expr","locations":[{"start":{"line":298,"column":56},"end":{"line":298,"column":68}},{"start":{"line":298,"column":68},"end":{"line":298,"column":null}}],"line":298},"24":{"loc":{"start":{"line":302,"column":29},"end":{"line":305,"column":null}},"type":"cond-expr","locations":[{"start":{"line":303,"column":30},"end":{"line":303,"column":null}},{"start":{"line":305,"column":30},"end":{"line":305,"column":null}}],"line":302},"25":{"loc":{"start":{"line":312,"column":25},"end":{"line":314,"column":null}},"type":"cond-expr","locations":[{"start":{"line":313,"column":28},"end":{"line":313,"column":null}},{"start":{"line":314,"column":28},"end":{"line":314,"column":null}}],"line":312},"26":{"loc":{"start":{"line":317,"column":25},"end":{"line":322,"column":null}},"type":"cond-expr","locations":[{"start":{"line":318,"column":26},"end":{"line":320,"column":null}},{"start":{"line":322,"column":26},"end":{"line":322,"column":null}}],"line":317},"27":{"loc":{"start":{"line":326,"column":25},"end":{"line":329,"column":null}},"type":"cond-expr","locations":[{"start":{"line":327,"column":26},"end":{"line":327,"column":null}},{"start":{"line":329,"column":26},"end":{"line":329,"column":null}}],"line":326},"28":{"loc":{"start":{"line":333,"column":25},"end":{"line":342,"column":null}},"type":"cond-expr","locations":[{"start":{"line":334,"column":26},"end":{"line":336,"column":null}},{"start":{"line":337,"column":28},"end":{"line":342,"column":null}}],"line":333},"29":{"loc":{"start":{"line":337,"column":28},"end":{"line":342,"column":null}},"type":"cond-expr","locations":[{"start":{"line":338,"column":26},"end":{"line":340,"column":null}},{"start":{"line":342,"column":26},"end":{"line":342,"column":null}}],"line":337},"30":{"loc":{"start":{"line":352,"column":35},"end":{"line":352,"column":null}},"type":"cond-expr","locations":[{"start":{"line":352,"column":63},"end":{"line":352,"column":95}},{"start":{"line":352,"column":95},"end":{"line":352,"column":null}}],"line":352},"31":{"loc":{"start":{"line":378,"column":15},"end":{"line":403,"column":null}},"type":"binary-expr","locations":[{"start":{"line":378,"column":15},"end":{"line":378,"column":null}},{"start":{"line":379,"column":16},"end":{"line":403,"column":null}}],"line":378},"32":{"loc":{"start":{"line":388,"column":32},"end":{"line":388,"column":null}},"type":"binary-expr","locations":[{"start":{"line":388,"column":32},"end":{"line":388,"column":46}},{"start":{"line":388,"column":46},"end":{"line":388,"column":null}}],"line":388},"33":{"loc":{"start":{"line":397,"column":32},"end":{"line":397,"column":null}},"type":"binary-expr","locations":[{"start":{"line":397,"column":32},"end":{"line":397,"column":55}},{"start":{"line":397,"column":55},"end":{"line":397,"column":null}}],"line":397}},"s":{"0":16,"1":16,"2":16,"3":16,"4":16,"5":16,"6":16,"7":16,"8":16,"9":16,"10":16,"11":13,"12":16,"13":16,"14":16,"15":16,"16":0,"17":0,"18":0,"19":16,"20":0,"21":16,"22":0,"23":0,"24":0,"25":0,"26":16,"27":0,"28":0,"29":0,"30":16,"31":3,"32":3,"33":2,"34":1,"35":1,"36":0,"37":0,"38":0,"39":0,"40":16,"41":0,"42":0,"43":0,"44":0,"45":0,"46":16,"47":16,"48":2,"49":1,"50":64,"51":0,"52":0,"53":21,"54":0,"55":0,"56":0,"57":0,"58":0,"59":0},"f":{"0":16,"1":13,"2":0,"3":0,"4":0,"5":0,"6":0,"7":3,"8":0,"9":2,"10":1,"11":64,"12":0,"13":0,"14":21,"15":0,"16":0,"17":0,"18":0,"19":0,"20":0},"b":{"0":[16,2],"1":[16,1],"2":[16,0],"3":[16,0],"4":[16,13],"5":[16,13],"6":[16,14],"7":[0,0],"8":[0,0],"9":[0,0],"10":[2,1],"11":[1,0],"12":[0,0],"13":[0,0],"14":[16,14,13,13],"15":[2,14],"16":[1,1],"17":[16,3],"18":[13,3],"19":[1,2],"20":[0,1],"21":[1,0],"22":[2,0,0],"23":[21,0],"24":[21,0],"25":[21,0],"26":[0,21],"27":[0,21],"28":[0,21],"29":[0,21],"30":[0,21],"31":[2,1],"32":[1,0],"33":[1,1]},"meta":{"lastBranch":34,"lastFunction":21,"lastStatement":60,"seen":{"f:44:16:44:26":0,"s:45:8:45:Infinity":0,"s:46:8:46:Infinity":1,"s:47:33:47:Infinity":2,"s:48:22:48:Infinity":3,"s:49:17:49:Infinity":4,"s:50:40:50:Infinity":5,"s:51:38:51:Infinity":6,"s:52:32:52:Infinity":7,"s:53:28:53:Infinity":8,"s:55:39:62:Infinity":9,"b:58:8:58:25:58:25:58:Infinity":0,"b:59:8:59:24:59:24:59:Infinity":1,"b:60:8:60:21:60:21:60:Infinity":2,"b:61:8:61:19:61:19:61:Infinity":3,"s:64:38:67:Infinity":10,"f:66:13:66:19":1,"s:66:13:66:Infinity":11,"s:69:15:69:Infinity":12,"b:69:15:69:30:69:30:69:Infinity":4,"s:70:21:70:Infinity":13,"b:70:21:70:42:70:42:70:Infinity":5,"s:71:16:71:Infinity":14,"b:71:16:71:31:71:31:71:Infinity":6,"s:73:8:82:Infinity":15,"f:75:15:75:16":2,"s:76:6:76:Infinity":16,"s:77:6:77:Infinity":17,"f:79:13:79:14":3,"s:80:6:80:Infinity":18,"b:80:64:80:80:80:80:80:95":7,"s:84:8:89:Infinity":19,"f:86:15:86:21":4,"s:87:6:87:Infinity":20,"s:91:20:100:Infinity":21,"f:91:20:91:21":5,"b:92:4:98:Infinity:undefined:undefined:undefined:undefined":8,"s:92:4:98:Infinity":22,"s:93:6:96:Infinity":23,"s:97:6:97:Infinity":24,"s:99:4:99:Infinity":25,"s:102:23:112:Infinity":26,"f:102:23:102:30":6,"s:103:22:108:Infinity":27,"b:109:4:111:Infinity:undefined:undefined:undefined:undefined":9,"s:109:4:111:Infinity":28,"s:110:6:110:Infinity":29,"s:114:29:125:Infinity":30,"f:114:29:114:30":7,"s:115:4:115:Infinity":31,"b:116:4:124:Infinity:118:4:124:Infinity":10,"s:116:4:124:Infinity":32,"s:117:6:117:Infinity":33,"b:118:4:124:Infinity:120:4:124:Infinity":11,"s:118:4:124:Infinity":34,"s:119:6:119:Infinity":35,"b:120:4:124:Infinity:122:4:124:Infinity":12,"s:120:4:124:Infinity":36,"s:121:6:121:Infinity":37,"b:122:4:124:Infinity:undefined:undefined:undefined:undefined":13,"s:122:4:124:Infinity":38,"s:123:6:123:Infinity":39,"s:127:26:133:Infinity":40,"f:127:26:127:32":8,"s:128:4:128:Infinity":41,"s:129:4:129:Infinity":42,"s:130:4:130:Infinity":43,"s:131:4:131:Infinity":44,"s:132:4:132:Infinity":45,"s:135:21:135:Infinity":46,"b:135:21:135:38:135:38:135:54:135:54:135:67:135:67:135:Infinity":14,"s:137:2:410:Infinity":47,"b:169:31:169:79:169:79:169:Infinity":15,"b:169:60:169:66:169:66:169:68":16,"b:172:15:172:Infinity:173:16:176:Infinity":17,"f:185:28:185:29":9,"s:185:35:185:Infinity":48,"f:197:28:197:29":10,"s:197:35:197:Infinity":49,"f:200:32:200:33":11,"s:201:20:203:Infinity":50,"f:213:28:213:29":12,"s:213:35:213:Infinity":51,"f:222:28:222:29":13,"s:222:35:222:Infinity":52,"b:230:12:232:Infinity:233:14:405:Infinity":18,"b:234:12:264:Infinity:266:12:405:Infinity":19,"b:239:20:239:Infinity:240:20:240:Infinity":20,"b:244:18:257:Infinity:259:18:261:Infinity":21,"b:267:15:267:29:267:29:267:Infinity:268:16:270:Infinity":22,"f:285:28:285:29":14,"s:286:20:372:Infinity":53,"b:298:56:298:68:298:68:298:Infinity":23,"b:303:30:303:Infinity:305:30:305:Infinity":24,"b:313:28:313:Infinity:314:28:314:Infinity":25,"b:318:26:320:Infinity:322:26:322:Infinity":26,"b:327:26:327:Infinity:329:26:329:Infinity":27,"b:334:26:336:Infinity:337:28:342:Infinity":28,"b:338:26:340:Infinity:342:26:342:Infinity":29,"f:350:37:350:43":15,"s:350:43:350:Infinity":54,"b:352:63:352:95:352:95:352:Infinity":30,"f:359:37:359:43":16,"s:359:43:359:Infinity":55,"b:378:15:378:Infinity:379:16:403:Infinity":31,"f:387:31:387:37":17,"s:387:37:387:Infinity":56,"f:387:45:387:46":18,"s:387:52:387:70":57,"b:388:32:388:46:388:46:388:Infinity":32,"f:396:31:396:37":19,"s:396:37:396:Infinity":58,"f:396:45:396:46":20,"s:396:52:396:79":59,"b:397:32:397:55:397:55:397:Infinity":33}}}
}
