{"/Users/rajivkumar/Projects/import-export-orchestrator/ui/src/api/client.ts": {"path":"/Users/rajivkumar/Projects/import-export-orchestrator/ui/src/api/client.ts","statementMap":{"0":{"start":{"line":19,"column":17},"end":{"line":19,"column":null}},"1":{"start":{"line":24,"column":16},"end":{"line":24,"column":null}},"2":{"start":{"line":25,"column":2},"end":{"line":28,"column":null}},"3":{"start":{"line":32,"column":2},"end":{"line":35,"column":null}},"4":{"start":{"line":33,"column":18},"end":{"line":33,"column":null}},"5":{"start":{"line":33,"column":53},"end":{"line":33,"column":81}},"6":{"start":{"line":34,"column":4},"end":{"line":34,"column":null}},"7":{"start":{"line":36,"column":2},"end":{"line":36,"column":null}},"8":{"start":{"line":41,"column":19},"end":{"line":43,"column":null}},"9":{"start":{"line":44,"column":2},"end":{"line":44,"column":null}},"10":{"start":{"line":49,"column":19},"end":{"line":53,"column":null}},"11":{"start":{"line":54,"column":2},"end":{"line":54,"column":null}},"12":{"start":{"line":58,"column":19},"end":{"line":62,"column":null}},"13":{"start":{"line":63,"column":2},"end":{"line":63,"column":null}},"14":{"start":{"line":67,"column":19},"end":{"line":69,"column":null}},"15":{"start":{"line":70,"column":2},"end":{"line":70,"column":null}},"16":{"start":{"line":74,"column":19},"end":{"line":76,"column":null}},"17":{"start":{"line":77,"column":2},"end":{"line":77,"column":null}},"18":{"start":{"line":85,"column":19},"end":{"line":85,"column":null}},"19":{"start":{"line":86,"column":2},"end":{"line":86,"column":null}},"20":{"start":{"line":88,"column":16},"end":{"line":88,"column":null}},"21":{"start":{"line":89,"column":19},"end":{"line":95,"column":null}},"22":{"start":{"line":96,"column":2},"end":{"line":96,"column":null}},"23":{"start":{"line":102,"column":19},"end":{"line":106,"column":null}},"24":{"start":{"line":107,"column":2},"end":{"line":107,"column":null}},"25":{"start":{"line":113,"column":19},"end":{"line":117,"column":null}},"26":{"start":{"line":118,"column":2},"end":{"line":118,"column":null}},"27":{"start":{"line":125,"column":23},"end":{"line":125,"column":null}},"28":{"start":{"line":126,"column":2},"end":{"line":126,"column":null}},"29":{"start":{"line":126,"column":19},"end":{"line":126,"column":null}},"30":{"start":{"line":127,"column":2},"end":{"line":127,"column":null}},"31":{"start":{"line":127,"column":24},"end":{"line":127,"column":null}},"32":{"start":{"line":128,"column":2},"end":{"line":128,"column":null}},"33":{"start":{"line":128,"column":23},"end":{"line":128,"column":null}},"34":{"start":{"line":129,"column":2},"end":{"line":129,"column":null}},"35":{"start":{"line":129,"column":21},"end":{"line":129,"column":null}},"36":{"start":{"line":130,"column":2},"end":{"line":130,"column":null}},"37":{"start":{"line":130,"column":25},"end":{"line":130,"column":null}},"38":{"start":{"line":131,"column":2},"end":{"line":131,"column":null}},"39":{"start":{"line":131,"column":23},"end":{"line":131,"column":null}},"40":{"start":{"line":133,"column":22},"end":{"line":133,"column":null}},"41":{"start":{"line":134,"column":14},"end":{"line":134,"column":null}},"42":{"start":{"line":136,"column":19},"end":{"line":138,"column":null}},"43":{"start":{"line":139,"column":2},"end":{"line":139,"column":null}},"44":{"start":{"line":143,"column":19},"end":{"line":145,"column":null}},"45":{"start":{"line":146,"column":2},"end":{"line":146,"column":null}},"46":{"start":{"line":150,"column":19},"end":{"line":154,"column":null}},"47":{"start":{"line":155,"column":2},"end":{"line":155,"column":null}},"48":{"start":{"line":159,"column":19},"end":{"line":162,"column":null}},"49":{"start":{"line":163,"column":2},"end":{"line":165,"column":null}},"50":{"start":{"line":164,"column":4},"end":{"line":164,"column":null}},"51":{"start":{"line":172,"column":19},"end":{"line":176,"column":null}},"52":{"start":{"line":177,"column":2},"end":{"line":177,"column":null}},"53":{"start":{"line":184,"column":19},"end":{"line":188,"column":null}},"54":{"start":{"line":189,"column":2},"end":{"line":189,"column":null}},"55":{"start":{"line":193,"column":19},"end":{"line":196,"column":null}},"56":{"start":{"line":197,"column":2},"end":{"line":197,"column":null}},"57":{"start":{"line":201,"column":19},"end":{"line":203,"column":null}},"58":{"start":{"line":204,"column":2},"end":{"line":204,"column":null}},"59":{"start":{"line":208,"column":19},"end":{"line":210,"column":null}},"60":{"start":{"line":211,"column":2},"end":{"line":211,"column":null}},"61":{"start":{"line":216,"column":19},"end":{"line":216,"column":null}},"62":{"start":{"line":217,"column":2},"end":{"line":217,"column":null}}},"fnMap":{"0":{"name":"getAuthHeaders","decl":{"start":{"line":22,"column":9},"end":{"line":22,"column":39}},"loc":{"start":{"line":22,"column":39},"end":{"line":29,"column":null}},"line":22},"1":{"name":"handleResponse","decl":{"start":{"line":31,"column":15},"end":{"line":31,"column":33}},"loc":{"start":{"line":31,"column":65},"end":{"line":37,"column":null}},"line":31},"2":{"name":"(anonymous_2)","decl":{"start":{"line":33,"column":46},"end":{"line":33,"column":53}},"loc":{"start":{"line":33,"column":53},"end":{"line":33,"column":81}},"line":33},"3":{"name":"getSchema","decl":{"start":{"line":40,"column":22},"end":{"line":40,"column":59}},"loc":{"start":{"line":40,"column":59},"end":{"line":45,"column":null}},"line":40},"4":{"name":"createExport","decl":{"start":{"line":48,"column":22},"end":{"line":48,"column":35}},"loc":{"start":{"line":48,"column":90},"end":{"line":55,"column":null}},"line":48},"5":{"name":"previewExport","decl":{"start":{"line":57,"column":22},"end":{"line":57,"column":36}},"loc":{"start":{"line":57,"column":92},"end":{"line":64,"column":null}},"line":57},"6":{"name":"getExportResult","decl":{"start":{"line":66,"column":22},"end":{"line":66,"column":38}},"loc":{"start":{"line":66,"column":84},"end":{"line":71,"column":null}},"line":66},"7":{"name":"getExportDownloadUrl","decl":{"start":{"line":73,"column":22},"end":{"line":73,"column":43}},"loc":{"start":{"line":73,"column":93},"end":{"line":78,"column":null}},"line":73},"8":{"name":"uploadImportFile","decl":{"start":{"line":81,"column":22},"end":{"line":81,"column":null}},"loc":{"start":{"line":84,"column":33},"end":{"line":97,"column":null}},"line":84},"9":{"name":"previewImport","decl":{"start":{"line":99,"column":22},"end":{"line":99,"column":null}},"loc":{"start":{"line":101,"column":34},"end":{"line":108,"column":null}},"line":101},"10":{"name":"executeImport","decl":{"start":{"line":110,"column":22},"end":{"line":110,"column":null}},"loc":{"start":{"line":112,"column":63},"end":{"line":119,"column":null}},"line":112},"11":{"name":"getJobs","decl":{"start":{"line":122,"column":22},"end":{"line":122,"column":null}},"loc":{"start":{"line":124,"column":45},"end":{"line":140,"column":null}},"line":124},"12":{"name":"getJob","decl":{"start":{"line":142,"column":22},"end":{"line":142,"column":29}},"loc":{"start":{"line":142,"column":68},"end":{"line":147,"column":null}},"line":142},"13":{"name":"createJob","decl":{"start":{"line":149,"column":22},"end":{"line":149,"column":32}},"loc":{"start":{"line":149,"column":82},"end":{"line":156,"column":null}},"line":149},"14":{"name":"deleteJob","decl":{"start":{"line":158,"column":22},"end":{"line":158,"column":32}},"loc":{"start":{"line":158,"column":62},"end":{"line":166,"column":null}},"line":158},"15":{"name":"updateJob","decl":{"start":{"line":168,"column":22},"end":{"line":168,"column":null}},"loc":{"start":{"line":171,"column":26},"end":{"line":178,"column":null}},"line":171},"16":{"name":"cloneJob","decl":{"start":{"line":180,"column":22},"end":{"line":180,"column":null}},"loc":{"start":{"line":183,"column":26},"end":{"line":190,"column":null}},"line":183},"17":{"name":"runJob","decl":{"start":{"line":192,"column":22},"end":{"line":192,"column":29}},"loc":{"start":{"line":192,"column":61},"end":{"line":198,"column":null}},"line":192},"18":{"name":"getJobRuns","decl":{"start":{"line":200,"column":22},"end":{"line":200,"column":33}},"loc":{"start":{"line":200,"column":67},"end":{"line":205,"column":null}},"line":200},"19":{"name":"getJobRun","decl":{"start":{"line":207,"column":22},"end":{"line":207,"column":32}},"loc":{"start":{"line":207,"column":79},"end":{"line":212,"column":null}},"line":207},"20":{"name":"checkHealth","decl":{"start":{"line":215,"column":22},"end":{"line":215,"column":65}},"loc":{"start":{"line":215,"column":65},"end":{"line":218,"column":null}},"line":215}},"branchMap":{"0":{"loc":{"start":{"line":24,"column":16},"end":{"line":24,"column":null}},"type":"binary-expr","locations":[{"start":{"line":24,"column":16},"end":{"line":24,"column":54}},{"start":{"line":24,"column":54},"end":{"line":24,"column":null}}],"line":24},"1":{"loc":{"start":{"line":32,"column":2},"end":{"line":35,"column":null}},"type":"if","locations":[{"start":{"line":32,"column":2},"end":{"line":35,"column":null}},{"start":{},"end":{}}],"line":32},"2":{"loc":{"start":{"line":34,"column":20},"end":{"line":34,"column":78}},"type":"binary-expr","locations":[{"start":{"line":34,"column":20},"end":{"line":34,"column":36}},{"start":{"line":34,"column":36},"end":{"line":34,"column":53}},{"start":{"line":34,"column":53},"end":{"line":34,"column":78}}],"line":34},"3":{"loc":{"start":{"line":88,"column":16},"end":{"line":88,"column":null}},"type":"binary-expr","locations":[{"start":{"line":88,"column":16},"end":{"line":88,"column":54}},{"start":{"line":88,"column":54},"end":{"line":88,"column":null}}],"line":88},"4":{"loc":{"start":{"line":123,"column":2},"end":{"line":123,"column":null}},"type":"default-arg","locations":[{"start":{"line":123,"column":28},"end":{"line":123,"column":null}}],"line":123},"5":{"loc":{"start":{"line":126,"column":2},"end":{"line":126,"column":null}},"type":"if","locations":[{"start":{"line":126,"column":2},"end":{"line":126,"column":null}},{"start":{},"end":{}}],"line":126},"6":{"loc":{"start":{"line":127,"column":2},"end":{"line":127,"column":null}},"type":"if","locations":[{"start":{"line":127,"column":2},"end":{"line":127,"column":null}},{"start":{},"end":{}}],"line":127},"7":{"loc":{"start":{"line":128,"column":2},"end":{"line":128,"column":null}},"type":"if","locations":[{"start":{"line":128,"column":2},"end":{"line":128,"column":null}},{"start":{},"end":{}}],"line":128},"8":{"loc":{"start":{"line":129,"column":2},"end":{"line":129,"column":null}},"type":"if","locations":[{"start":{"line":129,"column":2},"end":{"line":129,"column":null}},{"start":{},"end":{}}],"line":129},"9":{"loc":{"start":{"line":130,"column":2},"end":{"line":130,"column":null}},"type":"if","locations":[{"start":{"line":130,"column":2},"end":{"line":130,"column":null}},{"start":{},"end":{}}],"line":130},"10":{"loc":{"start":{"line":131,"column":2},"end":{"line":131,"column":null}},"type":"if","locations":[{"start":{"line":131,"column":2},"end":{"line":131,"column":null}},{"start":{},"end":{}}],"line":131},"11":{"loc":{"start":{"line":134,"column":33},"end":{"line":134,"column":69}},"type":"cond-expr","locations":[{"start":{"line":134,"column":47},"end":{"line":134,"column":67}},{"start":{"line":134,"column":67},"end":{"line":134,"column":69}}],"line":134},"12":{"loc":{"start":{"line":163,"column":2},"end":{"line":165,"column":null}},"type":"if","locations":[{"start":{"line":163,"column":2},"end":{"line":165,"column":null}},{"start":{},"end":{}}],"line":163}},"s":{"0":3,"1":54,"2":54,"3":63,"4":0,"5":0,"6":0,"7":63,"8":1,"9":1,"10":1,"11":1,"12":1,"13":1,"14":0,"15":0,"16":0,"17":0,"18":0,"19":0,"20":0,"21":0,"22":0,"23":0,"24":0,"25":0,"26":0,"27":43,"28":43,"29":43,"30":43,"31":43,"32":43,"33":21,"34":43,"35":2,"36":43,"37":1,"38":43,"39":1,"40":43,"41":43,"42":43,"43":43,"44":2,"45":2,"46":1,"47":1,"48":1,"49":1,"50":0,"51":1,"52":1,"53":1,"54":1,"55":1,"56":1,"57":1,"58":1,"59":0,"60":0,"61":10,"62":10},"f":{"0":54,"1":63,"2":0,"3":1,"4":1,"5":1,"6":0,"7":0,"8":0,"9":0,"10":0,"11":43,"12":2,"13":1,"14":1,"15":1,"16":1,"17":1,"18":1,"19":0,"20":10},"b":{"0":[54,40],"1":[0,63],"2":[0,0,0],"3":[0,0],"4":[43],"5":[43,0],"6":[43,0],"7":[21,22],"8":[2,41],"9":[1,42],"10":[1,42],"11":[43,0],"12":[0,1]},"meta":{"lastBranch":13,"lastFunction":21,"lastStatement":63,"seen":{"s:19:17:19:Infinity":0,"f:22:9:22:39":0,"s:24:16:24:Infinity":1,"b:24:16:24:54:24:54:24:Infinity":0,"s:25:2:28:Infinity":2,"f:31:15:31:33":1,"b:32:2:35:Infinity:undefined:undefined:undefined:undefined":1,"s:32:2:35:Infinity":3,"s:33:18:33:Infinity":4,"f:33:46:33:53":2,"s:33:53:33:81":5,"s:34:4:34:Infinity":6,"b:34:20:34:36:34:36:34:53:34:53:34:78":2,"s:36:2:36:Infinity":7,"f:40:22:40:59":3,"s:41:19:43:Infinity":8,"s:44:2:44:Infinity":9,"f:48:22:48:35":4,"s:49:19:53:Infinity":10,"s:54:2:54:Infinity":11,"f:57:22:57:36":5,"s:58:19:62:Infinity":12,"s:63:2:63:Infinity":13,"f:66:22:66:38":6,"s:67:19:69:Infinity":14,"s:70:2:70:Infinity":15,"f:73:22:73:43":7,"s:74:19:76:Infinity":16,"s:77:2:77:Infinity":17,"f:81:22:81:Infinity":8,"s:85:19:85:Infinity":18,"s:86:2:86:Infinity":19,"s:88:16:88:Infinity":20,"b:88:16:88:54:88:54:88:Infinity":3,"s:89:19:95:Infinity":21,"s:96:2:96:Infinity":22,"f:99:22:99:Infinity":9,"s:102:19:106:Infinity":23,"s:107:2:107:Infinity":24,"f:110:22:110:Infinity":10,"s:113:19:117:Infinity":25,"s:118:2:118:Infinity":26,"f:122:22:122:Infinity":11,"b:123:28:123:Infinity":4,"s:125:23:125:Infinity":27,"b:126:2:126:Infinity:undefined:undefined:undefined:undefined":5,"s:126:2:126:Infinity":28,"s:126:19:126:Infinity":29,"b:127:2:127:Infinity:undefined:undefined:undefined:undefined":6,"s:127:2:127:Infinity":30,"s:127:24:127:Infinity":31,"b:128:2:128:Infinity:undefined:undefined:undefined:undefined":7,"s:128:2:128:Infinity":32,"s:128:23:128:Infinity":33,"b:129:2:129:Infinity:undefined:undefined:undefined:undefined":8,"s:129:2:129:Infinity":34,"s:129:21:129:Infinity":35,"b:130:2:130:Infinity:undefined:undefined:undefined:undefined":9,"s:130:2:130:Infinity":36,"s:130:25:130:Infinity":37,"b:131:2:131:Infinity:undefined:undefined:undefined:undefined":10,"s:131:2:131:Infinity":38,"s:131:23:131:Infinity":39,"s:133:22:133:Infinity":40,"s:134:14:134:Infinity":41,"b:134:47:134:67:134:67:134:69":11,"s:136:19:138:Infinity":42,"s:139:2:139:Infinity":43,"f:142:22:142:29":12,"s:143:19:145:Infinity":44,"s:146:2:146:Infinity":45,"f:149:22:149:32":13,"s:150:19:154:Infinity":46,"s:155:2:155:Infinity":47,"f:158:22:158:32":14,"s:159:19:162:Infinity":48,"b:163:2:165:Infinity:undefined:undefined:undefined:undefined":12,"s:163:2:165:Infinity":49,"s:164:4:164:Infinity":50,"f:168:22:168:Infinity":15,"s:172:19:176:Infinity":51,"s:177:2:177:Infinity":52,"f:180:22:180:Infinity":16,"s:184:19:188:Infinity":53,"s:189:2:189:Infinity":54,"f:192:22:192:29":17,"s:193:19:196:Infinity":55,"s:197:2:197:Infinity":56,"f:200:22:200:33":18,"s:201:19:203:Infinity":57,"s:204:2:204:Infinity":58,"f:207:22:207:32":19,"s:208:19:210:Infinity":59,"s:211:2:211:Infinity":60,"f:215:22:215:65":20,"s:216:19:216:Infinity":61,"s:217:2:217:Infinity":62}}}
,"/Users/rajivkumar/Projects/import-export-orchestrator/ui/src/components/EmptyState.tsx": {"path":"/Users/rajivkumar/Projects/import-export-orchestrator/ui/src/components/EmptyState.tsx","statementMap":{"0":{"start":{"line":18,"column":2},"end":{"line":37,"column":null}}},"fnMap":{"0":{"name":"EmptyState","decl":{"start":{"line":11,"column":16},"end":{"line":11,"column":27}},"loc":{"start":{"line":17,"column":20},"end":{"line":39,"column":null}},"line":17}},"branchMap":{"0":{"loc":{"start":{"line":25,"column":7},"end":{"line":28,"column":null}},"type":"binary-expr","locations":[{"start":{"line":25,"column":7},"end":{"line":25,"column":null}},{"start":{"line":26,"column":8},"end":{"line":28,"column":null}}],"line":25},"1":{"loc":{"start":{"line":31,"column":7},"end":{"line":34,"column":null}},"type":"binary-expr","locations":[{"start":{"line":31,"column":7},"end":{"line":31,"column":null}},{"start":{"line":32,"column":8},"end":{"line":34,"column":null}}],"line":31},"2":{"loc":{"start":{"line":36,"column":7},"end":{"line":36,"column":null}},"type":"binary-expr","locations":[{"start":{"line":36,"column":7},"end":{"line":36,"column":17}},{"start":{"line":36,"column":17},"end":{"line":36,"column":null}}],"line":36}},"s":{"0":11},"f":{"0":11},"b":{"0":[11,6],"1":[11,6],"2":[11,6]},"meta":{"lastBranch":3,"lastFunction":1,"lastStatement":1,"seen":{"f:11:16:11:27":0,"s:18:2:37:Infinity":0,"b:25:7:25:Infinity:26:8:28:Infinity":0,"b:31:7:31:Infinity:32:8:34:Infinity":1,"b:36:7:36:17:36:17:36:Infinity":2}}}
,"/Users/rajivkumar/Projects/import-export-orchestrator/ui/src/components/StatusBadge.tsx": {"path":"/Users/rajivkumar/Projects/import-export-orchestrator/ui/src/components/StatusBadge.tsx","statementMap":{"0":{"start":{"line":8,"column":145},"end":{"line":14,"column":null}},"1":{"start":{"line":17,"column":17},"end":{"line":17,"column":null}},"2":{"start":{"line":19,"column":2},"end":{"line":22,"column":null}}},"fnMap":{"0":{"name":"StatusBadge","decl":{"start":{"line":16,"column":16},"end":{"line":16,"column":28}},"loc":{"start":{"line":16,"column":58},"end":{"line":24,"column":null}},"line":16}},"branchMap":{"0":{"loc":{"start":{"line":17,"column":17},"end":{"line":17,"column":null}},"type":"binary-expr","locations":[{"start":{"line":17,"column":17},"end":{"line":17,"column":41}},{"start":{"line":17,"column":41},"end":{"line":17,"column":null}}],"line":17}},"s":{"0":3,"1":6,"2":6},"f":{"0":6},"b":{"0":[6,1]},"meta":{"lastBranch":1,"lastFunction":1,"lastStatement":3,"seen":{"s:8:145:14:Infinity":0,"f:16:16:16:28":0,"s:17:17:17:Infinity":1,"b:17:17:17:41:17:41:17:Infinity":0,"s:19:2:22:Infinity":2}}}
,"/Users/rajivkumar/Projects/import-export-orchestrator/ui/src/components/ui/badge.tsx": {"path":"/Users/rajivkumar/Projects/import-export-orchestrator/ui/src/components/ui/badge.tsx","statementMap":{"0":{"start":{"line":5,"column":6},"end":{"line":27,"column":null}},"1":{"start":{"line":34,"column":2},"end":{"line":35,"column":null}}},"fnMap":{"0":{"name":"Badge","decl":{"start":{"line":33,"column":9},"end":{"line":33,"column":15}},"loc":{"start":{"line":33,"column":61},"end":{"line":37,"column":null}},"line":33}},"branchMap":{},"s":{"0":3,"1":27},"f":{"0":27},"b":{},"meta":{"lastBranch":0,"lastFunction":1,"lastStatement":2,"seen":{"s:5:6:27:Infinity":0,"f:33:9:33:15":0,"s:34:2:35:Infinity":1}}}
,"/Users/rajivkumar/Projects/import-export-orchestrator/ui/src/components/ui/button.tsx": {"path":"/Users/rajivkumar/Projects/import-export-orchestrator/ui/src/components/ui/button.tsx","statementMap":{"0":{"start":{"line":5,"column":6},"end":{"line":33,"column":null}},"1":{"start":{"line":41,"column":15},"end":{"line":65,"column":null}},"2":{"start":{"line":45,"column":4},"end":{"line":53,"column":null}},"3":{"start":{"line":46,"column":25},"end":{"line":46,"column":null}},"4":{"start":{"line":47,"column":29},"end":{"line":47,"column":null}},"5":{"start":{"line":49,"column":6},"end":{"line":52,"column":null}},"6":{"start":{"line":55,"column":4},"end":{"line":62,"column":null}},"7":{"start":{"line":66,"column":0},"end":{"line":66,"column":null}}},"fnMap":{"0":{"name":"(anonymous_0)","decl":{"start":{"line":42,"column":2},"end":{"line":42,"column":3}},"loc":{"start":{"line":42,"column":78},"end":{"line":64,"column":null}},"line":42}},"branchMap":{"0":{"loc":{"start":{"line":42,"column":31},"end":{"line":42,"column":48}},"type":"default-arg","locations":[{"start":{"line":42,"column":41},"end":{"line":42,"column":48}}],"line":42},"1":{"loc":{"start":{"line":45,"column":4},"end":{"line":53,"column":null}},"type":"if","locations":[{"start":{"line":45,"column":4},"end":{"line":53,"column":null}},{"start":{},"end":{}}],"line":45},"2":{"loc":{"start":{"line":45,"column":8},"end":{"line":45,"column":51}},"type":"binary-expr","locations":[{"start":{"line":45,"column":8},"end":{"line":45,"column":19}},{"start":{"line":45,"column":19},"end":{"line":45,"column":51}}],"line":45},"3":{"loc":{"start":{"line":47,"column":29},"end":{"line":47,"column":null}},"type":"cond-expr","locations":[{"start":{"line":47,"column":72},"end":{"line":47,"column":95}},{"start":{"line":47,"column":95},"end":{"line":47,"column":null}}],"line":47}},"s":{"0":2,"1":2,"2":162,"3":115,"4":115,"5":115,"6":47,"7":2},"f":{"0":162},"b":{"0":[162],"1":[115,47],"2":[162,115],"3":[0,115]},"meta":{"lastBranch":4,"lastFunction":1,"lastStatement":8,"seen":{"s:5:6:33:Infinity":0,"s:41:15:65:Infinity":1,"f:42:2:42:3":0,"b:42:41:42:48":0,"b:45:4:53:Infinity:undefined:undefined:undefined:undefined":1,"s:45:4:53:Infinity":2,"b:45:8:45:19:45:19:45:51":2,"s:46:25:46:Infinity":3,"s:47:29:47:Infinity":4,"b:47:72:47:95:47:95:47:Infinity":3,"s:49:6:52:Infinity":5,"s:55:4:62:Infinity":6,"s:66:0:66:Infinity":7}}}
,"/Users/rajivkumar/Projects/import-export-orchestrator/ui/src/components/ui/card.tsx": {"path":"/Users/rajivkumar/Projects/import-export-orchestrator/ui/src/components/ui/card.tsx","statementMap":{"0":{"start":{"line":4,"column":13},"end":{"line":16,"column":null}},"1":{"start":{"line":8,"column":2},"end":{"line":15,"column":null}},"2":{"start":{"line":17,"column":0},"end":{"line":17,"column":null}},"3":{"start":{"line":19,"column":19},"end":{"line":28,"column":null}},"4":{"start":{"line":23,"column":2},"end":{"line":27,"column":null}},"5":{"start":{"line":29,"column":0},"end":{"line":29,"column":null}},"6":{"start":{"line":31,"column":18},"end":{"line":40,"column":null}},"7":{"start":{"line":35,"column":2},"end":{"line":39,"column":null}},"8":{"start":{"line":41,"column":0},"end":{"line":41,"column":null}},"9":{"start":{"line":43,"column":24},"end":{"line":52,"column":null}},"10":{"start":{"line":47,"column":2},"end":{"line":51,"column":null}},"11":{"start":{"line":53,"column":0},"end":{"line":53,"column":null}},"12":{"start":{"line":55,"column":20},"end":{"line":60,"column":null}},"13":{"start":{"line":59,"column":2},"end":{"line":59,"column":null}},"14":{"start":{"line":61,"column":0},"end":{"line":61,"column":null}},"15":{"start":{"line":63,"column":19},"end":{"line":72,"column":null}},"16":{"start":{"line":67,"column":2},"end":{"line":71,"column":null}},"17":{"start":{"line":73,"column":0},"end":{"line":73,"column":null}}},"fnMap":{"0":{"name":"(anonymous_0)","decl":{"start":{"line":7,"column":2},"end":{"line":7,"column":3}},"loc":{"start":{"line":8,"column":2},"end":{"line":15,"column":null}},"line":8},"1":{"name":"(anonymous_1)","decl":{"start":{"line":22,"column":2},"end":{"line":22,"column":3}},"loc":{"start":{"line":23,"column":2},"end":{"line":27,"column":null}},"line":23},"2":{"name":"(anonymous_2)","decl":{"start":{"line":34,"column":2},"end":{"line":34,"column":3}},"loc":{"start":{"line":35,"column":2},"end":{"line":39,"column":null}},"line":35},"3":{"name":"(anonymous_3)","decl":{"start":{"line":46,"column":2},"end":{"line":46,"column":3}},"loc":{"start":{"line":47,"column":2},"end":{"line":51,"column":null}},"line":47},"4":{"name":"(anonymous_4)","decl":{"start":{"line":58,"column":2},"end":{"line":58,"column":3}},"loc":{"start":{"line":59,"column":2},"end":{"line":59,"column":null}},"line":59},"5":{"name":"(anonymous_5)","decl":{"start":{"line":66,"column":2},"end":{"line":66,"column":3}},"loc":{"start":{"line":67,"column":2},"end":{"line":71,"column":null}},"line":67}},"branchMap":{},"s":{"0":2,"1":120,"2":2,"3":2,"4":120,"5":2,"6":2,"7":68,"8":2,"9":2,"10":120,"11":2,"12":2,"13":120,"14":2,"15":2,"16":0,"17":2},"f":{"0":120,"1":120,"2":68,"3":120,"4":120,"5":0},"b":{},"meta":{"lastBranch":0,"lastFunction":6,"lastStatement":18,"seen":{"s:4:13:16:Infinity":0,"f:7:2:7:3":0,"s:8:2:15:Infinity":1,"s:17:0:17:Infinity":2,"s:19:19:28:Infinity":3,"f:22:2:22:3":1,"s:23:2:27:Infinity":4,"s:29:0:29:Infinity":5,"s:31:18:40:Infinity":6,"f:34:2:34:3":2,"s:35:2:39:Infinity":7,"s:41:0:41:Infinity":8,"s:43:24:52:Infinity":9,"f:46:2:46:3":3,"s:47:2:51:Infinity":10,"s:53:0:53:Infinity":11,"s:55:20:60:Infinity":12,"f:58:2:58:3":4,"s:59:2:59:Infinity":13,"s:61:0:61:Infinity":14,"s:63:19:72:Infinity":15,"f:66:2:66:3":5,"s:67:2:71:Infinity":16,"s:73:0:73:Infinity":17}}}
,"/Users/rajivkumar/Projects/import-export-orchestrator/ui/src/components/ui/input.tsx": {"path":"/Users/rajivkumar/Projects/import-export-orchestrator/ui/src/components/ui/input.tsx","statementMap":{"0":{"start":{"line":7,"column":14},"end":{"line":21,"column":null}},"1":{"start":{"line":9,"column":4},"end":{"line":18,"column":null}},"2":{"start":{"line":22,"column":0},"end":{"line":22,"column":null}}},"fnMap":{"0":{"name":"(anonymous_0)","decl":{"start":{"line":8,"column":2},"end":{"line":8,"column":3}},"loc":{"start":{"line":8,"column":42},"end":{"line":20,"column":null}},"line":8}},"branchMap":{},"s":{"0":1,"1":32,"2":1},"f":{"0":32},"b":{},"meta":{"lastBranch":0,"lastFunction":1,"lastStatement":3,"seen":{"s:7:14:21:Infinity":0,"f:8:2:8:3":0,"s:9:4:18:Infinity":1,"s:22:0:22:Infinity":2}}}
,"/Users/rajivkumar/Projects/import-export-orchestrator/ui/src/components/ui/label.tsx": {"path":"/Users/rajivkumar/Projects/import-export-orchestrator/ui/src/components/ui/label.tsx","statementMap":{"0":{"start":{"line":5,"column":6},"end":{"line":7,"column":null}},"1":{"start":{"line":13,"column":14},"end":{"line":17,"column":null}},"2":{"start":{"line":15,"column":4},"end":{"line":15,"column":null}},"3":{"start":{"line":18,"column":0},"end":{"line":18,"column":null}}},"fnMap":{"0":{"name":"(anonymous_0)","decl":{"start":{"line":14,"column":2},"end":{"line":14,"column":3}},"loc":{"start":{"line":15,"column":4},"end":{"line":15,"column":null}},"line":15}},"branchMap":{},"s":{"0":1,"1":1,"2":64,"3":1},"f":{"0":64},"b":{},"meta":{"lastBranch":0,"lastFunction":1,"lastStatement":4,"seen":{"s:5:6:7:Infinity":0,"s:13:14:17:Infinity":1,"f:14:2:14:3":0,"s:15:4:15:Infinity":2,"s:18:0:18:Infinity":3}}}
,"/Users/rajivkumar/Projects/import-export-orchestrator/ui/src/components/ui/spinner.tsx": {"path":"/Users/rajivkumar/Projects/import-export-orchestrator/ui/src/components/ui/spinner.tsx","statementMap":{"0":{"start":{"line":9,"column":22},"end":{"line":13,"column":null}},"1":{"start":{"line":15,"column":2},"end":{"line":35,"column":null}}},"fnMap":{"0":{"name":"Spinner","decl":{"start":{"line":8,"column":16},"end":{"line":8,"column":24}},"loc":{"start":{"line":8,"column":66},"end":{"line":37,"column":null}},"line":8}},"branchMap":{"0":{"loc":{"start":{"line":8,"column":37},"end":{"line":8,"column":49}},"type":"default-arg","locations":[{"start":{"line":8,"column":44},"end":{"line":8,"column":49}}],"line":8}},"s":{"0":58,"1":58},"f":{"0":58},"b":{"0":[58]},"meta":{"lastBranch":1,"lastFunction":1,"lastStatement":2,"seen":{"f:8:16:8:24":0,"b:8:44:8:49":0,"s:9:22:13:Infinity":0,"s:15:2:35:Infinity":1}}}
,"/Users/rajivkumar/Projects/import-export-orchestrator/ui/src/components/ui/table.tsx": {"path":"/Users/rajivkumar/Projects/import-export-orchestrator/ui/src/components/ui/table.tsx","statementMap":{"0":{"start":{"line":4,"column":14},"end":{"line":15,"column":null}},"1":{"start":{"line":8,"column":2},"end":{"line":14,"column":null}},"2":{"start":{"line":16,"column":0},"end":{"line":16,"column":null}},"3":{"start":{"line":18,"column":20},"end":{"line":23,"column":null}},"4":{"start":{"line":22,"column":2},"end":{"line":22,"column":null}},"5":{"start":{"line":24,"column":0},"end":{"line":24,"column":null}},"6":{"start":{"line":26,"column":18},"end":{"line":35,"column":null}},"7":{"start":{"line":30,"column":2},"end":{"line":34,"column":null}},"8":{"start":{"line":36,"column":0},"end":{"line":36,"column":null}},"9":{"start":{"line":38,"column":20},"end":{"line":50,"column":null}},"10":{"start":{"line":42,"column":2},"end":{"line":49,"column":null}},"11":{"start":{"line":51,"column":0},"end":{"line":51,"column":null}},"12":{"start":{"line":53,"column":17},"end":{"line":65,"column":null}},"13":{"start":{"line":57,"column":2},"end":{"line":64,"column":null}},"14":{"start":{"line":66,"column":0},"end":{"line":66,"column":null}},"15":{"start":{"line":68,"column":18},"end":{"line":80,"column":null}},"16":{"start":{"line":72,"column":2},"end":{"line":79,"column":null}},"17":{"start":{"line":81,"column":0},"end":{"line":81,"column":null}},"18":{"start":{"line":83,"column":18},"end":{"line":95,"column":null}},"19":{"start":{"line":87,"column":2},"end":{"line":94,"column":null}},"20":{"start":{"line":96,"column":0},"end":{"line":96,"column":null}},"21":{"start":{"line":98,"column":21},"end":{"line":107,"column":null}},"22":{"start":{"line":102,"column":2},"end":{"line":106,"column":null}},"23":{"start":{"line":108,"column":0},"end":{"line":108,"column":null}}},"fnMap":{"0":{"name":"(anonymous_0)","decl":{"start":{"line":7,"column":2},"end":{"line":7,"column":3}},"loc":{"start":{"line":8,"column":2},"end":{"line":14,"column":null}},"line":8},"1":{"name":"(anonymous_1)","decl":{"start":{"line":21,"column":2},"end":{"line":21,"column":3}},"loc":{"start":{"line":22,"column":2},"end":{"line":22,"column":null}},"line":22},"2":{"name":"(anonymous_2)","decl":{"start":{"line":29,"column":2},"end":{"line":29,"column":3}},"loc":{"start":{"line":30,"column":2},"end":{"line":34,"column":null}},"line":30},"3":{"name":"(anonymous_3)","decl":{"start":{"line":41,"column":2},"end":{"line":41,"column":3}},"loc":{"start":{"line":42,"column":2},"end":{"line":49,"column":null}},"line":42},"4":{"name":"(anonymous_4)","decl":{"start":{"line":56,"column":2},"end":{"line":56,"column":3}},"loc":{"start":{"line":57,"column":2},"end":{"line":64,"column":null}},"line":57},"5":{"name":"(anonymous_5)","decl":{"start":{"line":71,"column":2},"end":{"line":71,"column":3}},"loc":{"start":{"line":72,"column":2},"end":{"line":79,"column":null}},"line":72},"6":{"name":"(anonymous_6)","decl":{"start":{"line":86,"column":2},"end":{"line":86,"column":3}},"loc":{"start":{"line":87,"column":2},"end":{"line":94,"column":null}},"line":87},"7":{"name":"(anonymous_7)","decl":{"start":{"line":101,"column":2},"end":{"line":101,"column":3}},"loc":{"start":{"line":102,"column":2},"end":{"line":106,"column":null}},"line":102}},"branchMap":{},"s":{"0":1,"1":2,"2":1,"3":1,"4":2,"5":1,"6":1,"7":2,"8":1,"9":1,"10":0,"11":1,"12":1,"13":23,"14":1,"15":1,"16":14,"17":1,"18":1,"19":147,"20":1,"21":1,"22":0,"23":1},"f":{"0":2,"1":2,"2":2,"3":0,"4":23,"5":14,"6":147,"7":0},"b":{},"meta":{"lastBranch":0,"lastFunction":8,"lastStatement":24,"seen":{"s:4:14:15:Infinity":0,"f:7:2:7:3":0,"s:8:2:14:Infinity":1,"s:16:0:16:Infinity":2,"s:18:20:23:Infinity":3,"f:21:2:21:3":1,"s:22:2:22:Infinity":4,"s:24:0:24:Infinity":5,"s:26:18:35:Infinity":6,"f:29:2:29:3":2,"s:30:2:34:Infinity":7,"s:36:0:36:Infinity":8,"s:38:20:50:Infinity":9,"f:41:2:41:3":3,"s:42:2:49:Infinity":10,"s:51:0:51:Infinity":11,"s:53:17:65:Infinity":12,"f:56:2:56:3":4,"s:57:2:64:Infinity":13,"s:66:0:66:Infinity":14,"s:68:18:80:Infinity":15,"f:71:2:71:3":5,"s:72:2:79:Infinity":16,"s:81:0:81:Infinity":17,"s:83:18:95:Infinity":18,"f:86:2:86:3":6,"s:87:2:94:Infinity":19,"s:96:0:96:Infinity":20,"s:98:21:107:Infinity":21,"f:101:2:101:3":7,"s:102:2:106:Infinity":22,"s:108:0:108:Infinity":23}}}
,"/Users/rajivkumar/Projects/import-export-orchestrator/ui/src/lib/utils.ts": {"path":"/Users/rajivkumar/Projects/import-export-orchestrator/ui/src/lib/utils.ts","statementMap":{"0":{"start":{"line":5,"column":2},"end":{"line":5,"column":null}}},"fnMap":{"0":{"name":"cn","decl":{"start":{"line":4,"column":16},"end":{"line":4,"column":22}},"loc":{"start":{"line":4,"column":44},"end":{"line":6,"column":null}},"line":4}},"branchMap":{},"s":{"0":1101},"f":{"0":1101},"b":{},"meta":{"lastBranch":0,"lastFunction":1,"lastStatement":1,"seen":{"f:4:16:4:22":0,"s:5:2:5:Infinity":0}}}
,"/Users/rajivkumar/Projects/import-export-orchestrator/ui/src/pages/Dashboard.tsx": {"path":"/Users/rajivkumar/Projects/import-export-orchestrator/ui/src/pages/Dashboard.tsx","statementMap":{"0":{"start":{"line":26,"column":49},"end":{"line":30,"column":null}},"1":{"start":{"line":33,"column":49},"end":{"line":36,"column":null}},"2":{"start":{"line":35,"column":13},"end":{"line":35,"column":null}},"3":{"start":{"line":39,"column":27},"end":{"line":42,"column":null}},"4":{"start":{"line":41,"column":13},"end":{"line":41,"column":null}},"5":{"start":{"line":45,"column":27},"end":{"line":48,"column":null}},"6":{"start":{"line":47,"column":13},"end":{"line":47,"column":null}},"7":{"start":{"line":50,"column":21},"end":{"line":50,"column":null}},"8":{"start":{"line":51,"column":20},"end":{"line":51,"column":null}},"9":{"start":{"line":52,"column":22},"end":{"line":52,"column":null}},"10":{"start":{"line":53,"column":22},"end":{"line":53,"column":null}},"11":{"start":{"line":55,"column":2},"end":{"line":267,"column":null}},"12":{"start":{"line":224,"column":16},"end":{"line":261,"column":null}}},"fnMap":{"0":{"name":"Dashboard","decl":{"start":{"line":25,"column":16},"end":{"line":25,"column":28}},"loc":{"start":{"line":25,"column":28},"end":{"line":269,"column":null}},"line":25},"1":{"name":"(anonymous_1)","decl":{"start":{"line":35,"column":13},"end":{"line":35,"column":19}},"loc":{"start":{"line":35,"column":13},"end":{"line":35,"column":null}},"line":35},"2":{"name":"(anonymous_2)","decl":{"start":{"line":41,"column":13},"end":{"line":41,"column":19}},"loc":{"start":{"line":41,"column":13},"end":{"line":41,"column":null}},"line":41},"3":{"name":"(anonymous_3)","decl":{"start":{"line":47,"column":13},"end":{"line":47,"column":19}},"loc":{"start":{"line":47,"column":13},"end":{"line":47,"column":null}},"line":47},"4":{"name":"(anonymous_4)","decl":{"start":{"line":223,"column":30},"end":{"line":223,"column":31}},"loc":{"start":{"line":224,"column":16},"end":{"line":261,"column":null}},"line":224}},"branchMap":{"0":{"loc":{"start":{"line":50,"column":21},"end":{"line":50,"column":null}},"type":"binary-expr","locations":[{"start":{"line":50,"column":21},"end":{"line":50,"column":40}},{"start":{"line":50,"column":40},"end":{"line":50,"column":null}}],"line":50},"1":{"loc":{"start":{"line":51,"column":20},"end":{"line":51,"column":null}},"type":"binary-expr","locations":[{"start":{"line":51,"column":20},"end":{"line":51,"column":39}},{"start":{"line":51,"column":39},"end":{"line":51,"column":null}}],"line":51},"2":{"loc":{"start":{"line":52,"column":22},"end":{"line":52,"column":null}},"type":"binary-expr","locations":[{"start":{"line":52,"column":22},"end":{"line":52,"column":43}},{"start":{"line":52,"column":43},"end":{"line":52,"column":null}}],"line":52},"3":{"loc":{"start":{"line":53,"column":22},"end":{"line":53,"column":null}},"type":"binary-expr","locations":[{"start":{"line":53,"column":22},"end":{"line":53,"column":43}},{"start":{"line":53,"column":43},"end":{"line":53,"column":null}}],"line":53},"4":{"loc":{"start":{"line":135,"column":13},"end":{"line":146,"column":null}},"type":"cond-expr","locations":[{"start":{"line":136,"column":14},"end":{"line":136,"column":null}},{"start":{"line":137,"column":16},"end":{"line":146,"column":null}}],"line":135},"5":{"loc":{"start":{"line":137,"column":16},"end":{"line":146,"column":null}},"type":"cond-expr","locations":[{"start":{"line":138,"column":14},"end":{"line":141,"column":null}},{"start":{"line":143,"column":14},"end":{"line":146,"column":null}}],"line":137},"6":{"loc":{"start":{"line":157,"column":15},"end":{"line":157,"column":null}},"type":"cond-expr","locations":[{"start":{"line":157,"column":29},"end":{"line":157,"column":53}},{"start":{"line":157,"column":53},"end":{"line":157,"column":null}}],"line":157},"7":{"loc":{"start":{"line":168,"column":15},"end":{"line":168,"column":null}},"type":"cond-expr","locations":[{"start":{"line":168,"column":29},"end":{"line":168,"column":53}},{"start":{"line":168,"column":53},"end":{"line":168,"column":null}}],"line":168},"8":{"loc":{"start":{"line":179,"column":15},"end":{"line":179,"column":null}},"type":"cond-expr","locations":[{"start":{"line":179,"column":29},"end":{"line":179,"column":53}},{"start":{"line":179,"column":53},"end":{"line":179,"column":null}}],"line":179},"9":{"loc":{"start":{"line":201,"column":11},"end":{"line":263,"column":null}},"type":"cond-expr","locations":[{"start":{"line":202,"column":12},"end":{"line":204,"column":null}},{"start":{"line":205,"column":14},"end":{"line":263,"column":null}}],"line":201},"10":{"loc":{"start":{"line":205,"column":14},"end":{"line":263,"column":null}},"type":"cond-expr","locations":[{"start":{"line":206,"column":12},"end":{"line":220,"column":null}},{"start":{"line":222,"column":12},"end":{"line":263,"column":null}}],"line":205},"11":{"loc":{"start":{"line":232,"column":24},"end":{"line":234,"column":null}},"type":"cond-expr","locations":[{"start":{"line":233,"column":28},"end":{"line":233,"column":null}},{"start":{"line":234,"column":28},"end":{"line":234,"column":null}}],"line":232},"12":{"loc":{"start":{"line":237,"column":23},"end":{"line":240,"column":null}},"type":"cond-expr","locations":[{"start":{"line":238,"column":24},"end":{"line":238,"column":null}},{"start":{"line":240,"column":24},"end":{"line":240,"column":null}}],"line":237},"13":{"loc":{"start":{"line":246,"column":25},"end":{"line":248,"column":55}},"type":"cond-expr","locations":[{"start":{"line":247,"column":28},"end":{"line":247,"column":null}},{"start":{"line":248,"column":28},"end":{"line":248,"column":55}}],"line":246},"14":{"loc":{"start":{"line":254,"column":21},"end":{"line":257,"column":null}},"type":"cond-expr","locations":[{"start":{"line":255,"column":22},"end":{"line":255,"column":null}},{"start":{"line":257,"column":22},"end":{"line":257,"column":null}}],"line":254}},"s":{"0":13,"1":13,"2":9,"3":13,"4":9,"5":13,"6":9,"7":13,"8":13,"9":13,"10":13,"11":13,"12":0},"f":{"0":13,"1":9,"2":9,"3":9,"4":0},"b":{"0":[13,9],"1":[13,12],"2":[13,12],"3":[13,12],"4":[9,4],"5":[3,1],"6":[9,4],"7":[9,4],"8":[9,4],"9":[9,4],"10":[4,0],"11":[0,0],"12":[0,0],"13":[0,0],"14":[0,0]},"meta":{"lastBranch":15,"lastFunction":5,"lastStatement":13,"seen":{"f:25:16:25:28":0,"s:26:49:30:Infinity":0,"s:33:49:36:Infinity":1,"f:35:13:35:19":1,"s:35:13:35:Infinity":2,"s:39:27:42:Infinity":3,"f:41:13:41:19":2,"s:41:13:41:Infinity":4,"s:45:27:48:Infinity":5,"f:47:13:47:19":3,"s:47:13:47:Infinity":6,"s:50:21:50:Infinity":7,"b:50:21:50:40:50:40:50:Infinity":0,"s:51:20:51:Infinity":8,"b:51:20:51:39:51:39:51:Infinity":1,"s:52:22:52:Infinity":9,"b:52:22:52:43:52:43:52:Infinity":2,"s:53:22:53:Infinity":10,"b:53:22:53:43:53:43:53:Infinity":3,"s:55:2:267:Infinity":11,"b:136:14:136:Infinity:137:16:146:Infinity":4,"b:138:14:141:Infinity:143:14:146:Infinity":5,"b:157:29:157:53:157:53:157:Infinity":6,"b:168:29:168:53:168:53:168:Infinity":7,"b:179:29:179:53:179:53:179:Infinity":8,"b:202:12:204:Infinity:205:14:263:Infinity":9,"b:206:12:220:Infinity:222:12:263:Infinity":10,"f:223:30:223:31":4,"s:224:16:261:Infinity":12,"b:233:28:233:Infinity:234:28:234:Infinity":11,"b:238:24:238:Infinity:240:24:240:Infinity":12,"b:247:28:247:Infinity:248:28:248:55":13,"b:255:22:255:Infinity:257:22:257:Infinity":14}}}
,"/Users/rajivkumar/Projects/import-export-orchestrator/ui/src/pages/jobs/JobList.tsx": {"path":"/Users/rajivkumar/Projects/import-export-orchestrator/ui/src/pages/jobs/JobList.tsx","statementMap":{"0":{"start":{"line":41,"column":17},"end":{"line":41,"column":null}},"1":{"start":{"line":44,"column":8},"end":{"line":44,"column":null}},"2":{"start":{"line":45,"column":22},"end":{"line":45,"column":null}},"3":{"start":{"line":46,"column":17},"end":{"line":46,"column":null}},"4":{"start":{"line":47,"column":40},"end":{"line":47,"column":null}},"5":{"start":{"line":48,"column":38},"end":{"line":48,"column":null}},"6":{"start":{"line":49,"column":32},"end":{"line":49,"column":null}},"7":{"start":{"line":50,"column":28},"end":{"line":50,"column":null}},"8":{"start":{"line":52,"column":39},"end":{"line":59,"column":null}},"9":{"start":{"line":61,"column":38},"end":{"line":64,"column":null}},"10":{"start":{"line":63,"column":13},"end":{"line":63,"column":null}},"11":{"start":{"line":66,"column":15},"end":{"line":66,"column":null}},"12":{"start":{"line":67,"column":21},"end":{"line":67,"column":null}},"13":{"start":{"line":68,"column":16},"end":{"line":68,"column":null}},"14":{"start":{"line":70,"column":8},"end":{"line":79,"column":null}},"15":{"start":{"line":73,"column":6},"end":{"line":73,"column":null}},"16":{"start":{"line":74,"column":6},"end":{"line":74,"column":null}},"17":{"start":{"line":77,"column":6},"end":{"line":77,"column":null}},"18":{"start":{"line":81,"column":8},"end":{"line":86,"column":null}},"19":{"start":{"line":84,"column":6},"end":{"line":84,"column":null}},"20":{"start":{"line":88,"column":20},"end":{"line":100,"column":null}},"21":{"start":{"line":89,"column":4},"end":{"line":98,"column":null}},"22":{"start":{"line":90,"column":6},"end":{"line":96,"column":null}},"23":{"start":{"line":97,"column":6},"end":{"line":97,"column":null}},"24":{"start":{"line":99,"column":4},"end":{"line":99,"column":null}},"25":{"start":{"line":102,"column":23},"end":{"line":106,"column":null}},"26":{"start":{"line":103,"column":4},"end":{"line":105,"column":null}},"27":{"start":{"line":104,"column":6},"end":{"line":104,"column":null}},"28":{"start":{"line":108,"column":29},"end":{"line":119,"column":null}},"29":{"start":{"line":109,"column":4},"end":{"line":109,"column":null}},"30":{"start":{"line":110,"column":4},"end":{"line":118,"column":null}},"31":{"start":{"line":111,"column":6},"end":{"line":111,"column":null}},"32":{"start":{"line":112,"column":4},"end":{"line":118,"column":null}},"33":{"start":{"line":113,"column":6},"end":{"line":113,"column":null}},"34":{"start":{"line":114,"column":4},"end":{"line":118,"column":null}},"35":{"start":{"line":115,"column":6},"end":{"line":115,"column":null}},"36":{"start":{"line":116,"column":4},"end":{"line":118,"column":null}},"37":{"start":{"line":117,"column":6},"end":{"line":117,"column":null}},"38":{"start":{"line":121,"column":26},"end":{"line":127,"column":null}},"39":{"start":{"line":122,"column":4},"end":{"line":122,"column":null}},"40":{"start":{"line":123,"column":4},"end":{"line":123,"column":null}},"41":{"start":{"line":124,"column":4},"end":{"line":124,"column":null}},"42":{"start":{"line":125,"column":4},"end":{"line":125,"column":null}},"43":{"start":{"line":126,"column":4},"end":{"line":126,"column":null}},"44":{"start":{"line":129,"column":21},"end":{"line":129,"column":null}},"45":{"start":{"line":131,"column":2},"end":{"line":403,"column":null}},"46":{"start":{"line":179,"column":35},"end":{"line":179,"column":null}},"47":{"start":{"line":191,"column":35},"end":{"line":191,"column":null}},"48":{"start":{"line":195,"column":20},"end":{"line":197,"column":null}},"49":{"start":{"line":207,"column":35},"end":{"line":207,"column":null}},"50":{"start":{"line":216,"column":35},"end":{"line":216,"column":null}},"51":{"start":{"line":280,"column":20},"end":{"line":366,"column":null}},"52":{"start":{"line":344,"column":43},"end":{"line":344,"column":null}},"53":{"start":{"line":353,"column":43},"end":{"line":353,"column":null}},"54":{"start":{"line":381,"column":37},"end":{"line":381,"column":null}},"55":{"start":{"line":381,"column":52},"end":{"line":381,"column":70}},"56":{"start":{"line":390,"column":37},"end":{"line":390,"column":null}},"57":{"start":{"line":390,"column":52},"end":{"line":390,"column":79}}},"fnMap":{"0":{"name":"JobList","decl":{"start":{"line":43,"column":16},"end":{"line":43,"column":26}},"loc":{"start":{"line":43,"column":26},"end":{"line":405,"column":null}},"line":43},"1":{"name":"(anonymous_1)","decl":{"start":{"line":63,"column":13},"end":{"line":63,"column":19}},"loc":{"start":{"line":63,"column":13},"end":{"line":63,"column":null}},"line":63},"2":{"name":"(anonymous_2)","decl":{"start":{"line":72,"column":15},"end":{"line":72,"column":16}},"loc":{"start":{"line":72,"column":25},"end":{"line":75,"column":null}},"line":72},"3":{"name":"(anonymous_3)","decl":{"start":{"line":76,"column":13},"end":{"line":76,"column":14}},"loc":{"start":{"line":76,"column":24},"end":{"line":78,"column":null}},"line":76},"4":{"name":"(anonymous_4)","decl":{"start":{"line":83,"column":15},"end":{"line":83,"column":21}},"loc":{"start":{"line":83,"column":21},"end":{"line":85,"column":null}},"line":83},"5":{"name":"(anonymous_5)","decl":{"start":{"line":88,"column":20},"end":{"line":88,"column":21}},"loc":{"start":{"line":88,"column":73},"end":{"line":100,"column":null}},"line":88},"6":{"name":"(anonymous_6)","decl":{"start":{"line":102,"column":23},"end":{"line":102,"column":24}},"loc":{"start":{"line":102,"column":42},"end":{"line":106,"column":null}},"line":102},"7":{"name":"(anonymous_7)","decl":{"start":{"line":108,"column":29},"end":{"line":108,"column":30}},"loc":{"start":{"line":108,"column":102},"end":{"line":119,"column":null}},"line":108},"8":{"name":"(anonymous_8)","decl":{"start":{"line":121,"column":26},"end":{"line":121,"column":32}},"loc":{"start":{"line":121,"column":32},"end":{"line":127,"column":null}},"line":121},"9":{"name":"(anonymous_9)","decl":{"start":{"line":179,"column":28},"end":{"line":179,"column":29}},"loc":{"start":{"line":179,"column":35},"end":{"line":179,"column":null}},"line":179},"10":{"name":"(anonymous_10)","decl":{"start":{"line":191,"column":28},"end":{"line":191,"column":29}},"loc":{"start":{"line":191,"column":35},"end":{"line":191,"column":null}},"line":191},"11":{"name":"(anonymous_11)","decl":{"start":{"line":194,"column":32},"end":{"line":194,"column":33}},"loc":{"start":{"line":195,"column":20},"end":{"line":197,"column":null}},"line":195},"12":{"name":"(anonymous_12)","decl":{"start":{"line":207,"column":28},"end":{"line":207,"column":29}},"loc":{"start":{"line":207,"column":35},"end":{"line":207,"column":null}},"line":207},"13":{"name":"(anonymous_13)","decl":{"start":{"line":216,"column":28},"end":{"line":216,"column":29}},"loc":{"start":{"line":216,"column":35},"end":{"line":216,"column":null}},"line":216},"14":{"name":"(anonymous_14)","decl":{"start":{"line":279,"column":28},"end":{"line":279,"column":29}},"loc":{"start":{"line":280,"column":20},"end":{"line":366,"column":null}},"line":280},"15":{"name":"(anonymous_15)","decl":{"start":{"line":344,"column":37},"end":{"line":344,"column":43}},"loc":{"start":{"line":344,"column":43},"end":{"line":344,"column":null}},"line":344},"16":{"name":"(anonymous_16)","decl":{"start":{"line":353,"column":37},"end":{"line":353,"column":43}},"loc":{"start":{"line":353,"column":43},"end":{"line":353,"column":null}},"line":353},"17":{"name":"(anonymous_17)","decl":{"start":{"line":381,"column":31},"end":{"line":381,"column":37}},"loc":{"start":{"line":381,"column":37},"end":{"line":381,"column":null}},"line":381},"18":{"name":"(anonymous_18)","decl":{"start":{"line":381,"column":45},"end":{"line":381,"column":46}},"loc":{"start":{"line":381,"column":52},"end":{"line":381,"column":70}},"line":381},"19":{"name":"(anonymous_19)","decl":{"start":{"line":390,"column":31},"end":{"line":390,"column":37}},"loc":{"start":{"line":390,"column":37},"end":{"line":390,"column":null}},"line":390},"20":{"name":"(anonymous_20)","decl":{"start":{"line":390,"column":45},"end":{"line":390,"column":46}},"loc":{"start":{"line":390,"column":52},"end":{"line":390,"column":79}},"line":390}},"branchMap":{"0":{"loc":{"start":{"line":55,"column":8},"end":{"line":55,"column":null}},"type":"binary-expr","locations":[{"start":{"line":55,"column":8},"end":{"line":55,"column":25}},{"start":{"line":55,"column":25},"end":{"line":55,"column":null}}],"line":55},"1":{"loc":{"start":{"line":56,"column":8},"end":{"line":56,"column":null}},"type":"binary-expr","locations":[{"start":{"line":56,"column":8},"end":{"line":56,"column":24}},{"start":{"line":56,"column":24},"end":{"line":56,"column":null}}],"line":56},"2":{"loc":{"start":{"line":57,"column":8},"end":{"line":57,"column":null}},"type":"binary-expr","locations":[{"start":{"line":57,"column":8},"end":{"line":57,"column":21}},{"start":{"line":57,"column":21},"end":{"line":57,"column":null}}],"line":57},"3":{"loc":{"start":{"line":58,"column":8},"end":{"line":58,"column":null}},"type":"binary-expr","locations":[{"start":{"line":58,"column":8},"end":{"line":58,"column":19}},{"start":{"line":58,"column":19},"end":{"line":58,"column":null}}],"line":58},"4":{"loc":{"start":{"line":66,"column":15},"end":{"line":66,"column":null}},"type":"binary-expr","locations":[{"start":{"line":66,"column":15},"end":{"line":66,"column":30}},{"start":{"line":66,"column":30},"end":{"line":66,"column":null}}],"line":66},"5":{"loc":{"start":{"line":67,"column":21},"end":{"line":67,"column":null}},"type":"binary-expr","locations":[{"start":{"line":67,"column":21},"end":{"line":67,"column":42}},{"start":{"line":67,"column":42},"end":{"line":67,"column":null}}],"line":67},"6":{"loc":{"start":{"line":68,"column":16},"end":{"line":68,"column":null}},"type":"binary-expr","locations":[{"start":{"line":68,"column":16},"end":{"line":68,"column":31}},{"start":{"line":68,"column":31},"end":{"line":68,"column":null}}],"line":68},"7":{"loc":{"start":{"line":77,"column":34},"end":{"line":77,"column":90}},"type":"cond-expr","locations":[{"start":{"line":77,"column":59},"end":{"line":77,"column":75}},{"start":{"line":77,"column":75},"end":{"line":77,"column":90}}],"line":77},"8":{"loc":{"start":{"line":89,"column":4},"end":{"line":98,"column":null}},"type":"if","locations":[{"start":{"line":89,"column":4},"end":{"line":98,"column":null}},{"start":{},"end":{}}],"line":89},"9":{"loc":{"start":{"line":103,"column":4},"end":{"line":105,"column":null}},"type":"if","locations":[{"start":{"line":103,"column":4},"end":{"line":105,"column":null}},{"start":{},"end":{}}],"line":103},"10":{"loc":{"start":{"line":110,"column":4},"end":{"line":118,"column":null}},"type":"if","locations":[{"start":{"line":110,"column":4},"end":{"line":118,"column":null}},{"start":{"line":112,"column":4},"end":{"line":118,"column":null}}],"line":110},"11":{"loc":{"start":{"line":112,"column":4},"end":{"line":118,"column":null}},"type":"if","locations":[{"start":{"line":112,"column":4},"end":{"line":118,"column":null}},{"start":{"line":114,"column":4},"end":{"line":118,"column":null}}],"line":112},"12":{"loc":{"start":{"line":114,"column":4},"end":{"line":118,"column":null}},"type":"if","locations":[{"start":{"line":114,"column":4},"end":{"line":118,"column":null}},{"start":{"line":116,"column":4},"end":{"line":118,"column":null}}],"line":114},"13":{"loc":{"start":{"line":116,"column":4},"end":{"line":118,"column":null}},"type":"if","locations":[{"start":{"line":116,"column":4},"end":{"line":118,"column":null}},{"start":{},"end":{}}],"line":116},"14":{"loc":{"start":{"line":129,"column":21},"end":{"line":129,"column":null}},"type":"binary-expr","locations":[{"start":{"line":129,"column":21},"end":{"line":129,"column":38}},{"start":{"line":129,"column":38},"end":{"line":129,"column":54}},{"start":{"line":129,"column":54},"end":{"line":129,"column":67}},{"start":{"line":129,"column":67},"end":{"line":129,"column":null}}],"line":129},"15":{"loc":{"start":{"line":163,"column":19},"end":{"line":163,"column":null}},"type":"cond-expr","locations":[{"start":{"line":163,"column":31},"end":{"line":163,"column":79}},{"start":{"line":163,"column":79},"end":{"line":163,"column":null}}],"line":163},"16":{"loc":{"start":{"line":163,"column":46},"end":{"line":163,"column":68}},"type":"cond-expr","locations":[{"start":{"line":163,"column":60},"end":{"line":163,"column":66}},{"start":{"line":163,"column":66},"end":{"line":163,"column":68}}],"line":163},"17":{"loc":{"start":{"line":166,"column":15},"end":{"line":170,"column":null}},"type":"binary-expr","locations":[{"start":{"line":166,"column":15},"end":{"line":166,"column":null}},{"start":{"line":167,"column":16},"end":{"line":170,"column":null}}],"line":166},"18":{"loc":{"start":{"line":223,"column":11},"end":{"line":399,"column":null}},"type":"cond-expr","locations":[{"start":{"line":224,"column":12},"end":{"line":226,"column":null}},{"start":{"line":227,"column":14},"end":{"line":399,"column":null}}],"line":223},"19":{"loc":{"start":{"line":227,"column":14},"end":{"line":399,"column":null}},"type":"cond-expr","locations":[{"start":{"line":228,"column":12},"end":{"line":258,"column":null}},{"start":{"line":260,"column":12},"end":{"line":399,"column":null}}],"line":227},"20":{"loc":{"start":{"line":232,"column":16},"end":{"line":234,"column":null}},"type":"cond-expr","locations":[{"start":{"line":233,"column":20},"end":{"line":233,"column":null}},{"start":{"line":234,"column":20},"end":{"line":234,"column":null}}],"line":232},"21":{"loc":{"start":{"line":237,"column":16},"end":{"line":255,"column":null}},"type":"cond-expr","locations":[{"start":{"line":238,"column":18},"end":{"line":251,"column":null}},{"start":{"line":253,"column":18},"end":{"line":255,"column":null}}],"line":237},"22":{"loc":{"start":{"line":261,"column":15},"end":{"line":264,"column":null}},"type":"binary-expr","locations":[{"start":{"line":261,"column":15},"end":{"line":261,"column":29}},{"start":{"line":261,"column":29},"end":{"line":261,"column":null}},{"start":{"line":262,"column":16},"end":{"line":264,"column":null}}],"line":261},"23":{"loc":{"start":{"line":292,"column":28},"end":{"line":292,"column":null}},"type":"cond-expr","locations":[{"start":{"line":292,"column":56},"end":{"line":292,"column":68}},{"start":{"line":292,"column":68},"end":{"line":292,"column":null}}],"line":292},"24":{"loc":{"start":{"line":296,"column":29},"end":{"line":299,"column":null}},"type":"cond-expr","locations":[{"start":{"line":297,"column":30},"end":{"line":297,"column":null}},{"start":{"line":299,"column":30},"end":{"line":299,"column":null}}],"line":296},"25":{"loc":{"start":{"line":306,"column":25},"end":{"line":308,"column":null}},"type":"cond-expr","locations":[{"start":{"line":307,"column":28},"end":{"line":307,"column":null}},{"start":{"line":308,"column":28},"end":{"line":308,"column":null}}],"line":306},"26":{"loc":{"start":{"line":311,"column":25},"end":{"line":316,"column":null}},"type":"cond-expr","locations":[{"start":{"line":312,"column":26},"end":{"line":314,"column":null}},{"start":{"line":316,"column":26},"end":{"line":316,"column":null}}],"line":311},"27":{"loc":{"start":{"line":320,"column":25},"end":{"line":323,"column":null}},"type":"cond-expr","locations":[{"start":{"line":321,"column":26},"end":{"line":321,"column":null}},{"start":{"line":323,"column":26},"end":{"line":323,"column":null}}],"line":320},"28":{"loc":{"start":{"line":327,"column":25},"end":{"line":336,"column":null}},"type":"cond-expr","locations":[{"start":{"line":328,"column":26},"end":{"line":330,"column":null}},{"start":{"line":331,"column":28},"end":{"line":336,"column":null}}],"line":327},"29":{"loc":{"start":{"line":331,"column":28},"end":{"line":336,"column":null}},"type":"cond-expr","locations":[{"start":{"line":332,"column":26},"end":{"line":334,"column":null}},{"start":{"line":336,"column":26},"end":{"line":336,"column":null}}],"line":331},"30":{"loc":{"start":{"line":346,"column":35},"end":{"line":346,"column":null}},"type":"cond-expr","locations":[{"start":{"line":346,"column":63},"end":{"line":346,"column":95}},{"start":{"line":346,"column":95},"end":{"line":346,"column":null}}],"line":346},"31":{"loc":{"start":{"line":372,"column":15},"end":{"line":397,"column":null}},"type":"binary-expr","locations":[{"start":{"line":372,"column":15},"end":{"line":372,"column":null}},{"start":{"line":373,"column":16},"end":{"line":397,"column":null}}],"line":372},"32":{"loc":{"start":{"line":382,"column":32},"end":{"line":382,"column":null}},"type":"binary-expr","locations":[{"start":{"line":382,"column":32},"end":{"line":382,"column":46}},{"start":{"line":382,"column":46},"end":{"line":382,"column":null}}],"line":382},"33":{"loc":{"start":{"line":391,"column":32},"end":{"line":391,"column":null}},"type":"binary-expr","locations":[{"start":{"line":391,"column":32},"end":{"line":391,"column":55}},{"start":{"line":391,"column":55},"end":{"line":391,"column":null}}],"line":391}},"s":{"0":1,"1":16,"2":16,"3":16,"4":16,"5":16,"6":16,"7":16,"8":16,"9":16,"10":13,"11":16,"12":16,"13":16,"14":16,"15":0,"16":0,"17":0,"18":16,"19":0,"20":16,"21":0,"22":0,"23":0,"24":0,"25":16,"26":0,"27":0,"28":16,"29":3,"30":3,"31":2,"32":1,"33":1,"34":0,"35":0,"36":0,"37":0,"38":16,"39":0,"40":0,"41":0,"42":0,"43":0,"44":16,"45":16,"46":2,"47":1,"48":64,"49":0,"50":0,"51":21,"52":0,"53":0,"54":0,"55":0,"56":0,"57":0},"f":{"0":16,"1":13,"2":0,"3":0,"4":0,"5":0,"6":0,"7":3,"8":0,"9":2,"10":1,"11":64,"12":0,"13":0,"14":21,"15":0,"16":0,"17":0,"18":0,"19":0,"20":0},"b":{"0":[16,2],"1":[16,1],"2":[16,0],"3":[16,0],"4":[16,13],"5":[16,13],"6":[16,14],"7":[0,0],"8":[0,0],"9":[0,0],"10":[2,1],"11":[1,0],"12":[0,0],"13":[0,0],"14":[16,14,13,13],"15":[2,14],"16":[1,1],"17":[16,3],"18":[13,3],"19":[1,2],"20":[0,1],"21":[1,0],"22":[2,0,0],"23":[21,0],"24":[21,0],"25":[21,0],"26":[0,21],"27":[0,21],"28":[0,21],"29":[0,21],"30":[0,21],"31":[2,1],"32":[1,0],"33":[1,1]},"meta":{"lastBranch":34,"lastFunction":21,"lastStatement":58,"seen":{"s:41:17:41:Infinity":0,"f:43:16:43:26":0,"s:44:8:44:Infinity":1,"s:45:22:45:Infinity":2,"s:46:17:46:Infinity":3,"s:47:40:47:Infinity":4,"s:48:38:48:Infinity":5,"s:49:32:49:Infinity":6,"s:50:28:50:Infinity":7,"s:52:39:59:Infinity":8,"b:55:8:55:25:55:25:55:Infinity":0,"b:56:8:56:24:56:24:56:Infinity":1,"b:57:8:57:21:57:21:57:Infinity":2,"b:58:8:58:19:58:19:58:Infinity":3,"s:61:38:64:Infinity":9,"f:63:13:63:19":1,"s:63:13:63:Infinity":10,"s:66:15:66:Infinity":11,"b:66:15:66:30:66:30:66:Infinity":4,"s:67:21:67:Infinity":12,"b:67:21:67:42:67:42:67:Infinity":5,"s:68:16:68:Infinity":13,"b:68:16:68:31:68:31:68:Infinity":6,"s:70:8:79:Infinity":14,"f:72:15:72:16":2,"s:73:6:73:Infinity":15,"s:74:6:74:Infinity":16,"f:76:13:76:14":3,"s:77:6:77:Infinity":17,"b:77:59:77:75:77:75:77:90":7,"s:81:8:86:Infinity":18,"f:83:15:83:21":4,"s:84:6:84:Infinity":19,"s:88:20:100:Infinity":20,"f:88:20:88:21":5,"b:89:4:98:Infinity:undefined:undefined:undefined:undefined":8,"s:89:4:98:Infinity":21,"s:90:6:96:Infinity":22,"s:97:6:97:Infinity":23,"s:99:4:99:Infinity":24,"s:102:23:106:Infinity":25,"f:102:23:102:24":6,"b:103:4:105:Infinity:undefined:undefined:undefined:undefined":9,"s:103:4:105:Infinity":26,"s:104:6:104:Infinity":27,"s:108:29:119:Infinity":28,"f:108:29:108:30":7,"s:109:4:109:Infinity":29,"b:110:4:118:Infinity:112:4:118:Infinity":10,"s:110:4:118:Infinity":30,"s:111:6:111:Infinity":31,"b:112:4:118:Infinity:114:4:118:Infinity":11,"s:112:4:118:Infinity":32,"s:113:6:113:Infinity":33,"b:114:4:118:Infinity:116:4:118:Infinity":12,"s:114:4:118:Infinity":34,"s:115:6:115:Infinity":35,"b:116:4:118:Infinity:undefined:undefined:undefined:undefined":13,"s:116:4:118:Infinity":36,"s:117:6:117:Infinity":37,"s:121:26:127:Infinity":38,"f:121:26:121:32":8,"s:122:4:122:Infinity":39,"s:123:4:123:Infinity":40,"s:124:4:124:Infinity":41,"s:125:4:125:Infinity":42,"s:126:4:126:Infinity":43,"s:129:21:129:Infinity":44,"b:129:21:129:38:129:38:129:54:129:54:129:67:129:67:129:Infinity":14,"s:131:2:403:Infinity":45,"b:163:31:163:79:163:79:163:Infinity":15,"b:163:60:163:66:163:66:163:68":16,"b:166:15:166:Infinity:167:16:170:Infinity":17,"f:179:28:179:29":9,"s:179:35:179:Infinity":46,"f:191:28:191:29":10,"s:191:35:191:Infinity":47,"f:194:32:194:33":11,"s:195:20:197:Infinity":48,"f:207:28:207:29":12,"s:207:35:207:Infinity":49,"f:216:28:216:29":13,"s:216:35:216:Infinity":50,"b:224:12:226:Infinity:227:14:399:Infinity":18,"b:228:12:258:Infinity:260:12:399:Infinity":19,"b:233:20:233:Infinity:234:20:234:Infinity":20,"b:238:18:251:Infinity:253:18:255:Infinity":21,"b:261:15:261:29:261:29:261:Infinity:262:16:264:Infinity":22,"f:279:28:279:29":14,"s:280:20:366:Infinity":51,"b:292:56:292:68:292:68:292:Infinity":23,"b:297:30:297:Infinity:299:30:299:Infinity":24,"b:307:28:307:Infinity:308:28:308:Infinity":25,"b:312:26:314:Infinity:316:26:316:Infinity":26,"b:321:26:321:Infinity:323:26:323:Infinity":27,"b:328:26:330:Infinity:331:28:336:Infinity":28,"b:332:26:334:Infinity:336:26:336:Infinity":29,"f:344:37:344:43":15,"s:344:43:344:Infinity":52,"b:346:63:346:95:346:95:346:Infinity":30,"f:353:37:353:43":16,"s:353:43:353:Infinity":53,"b:372:15:372:Infinity:373:16:397:Infinity":31,"f:381:31:381:37":17,"s:381:37:381:Infinity":54,"f:381:45:381:46":18,"s:381:52:381:70":55,"b:382:32:382:46:382:46:382:Infinity":32,"f:390:31:390:37":19,"s:390:37:390:Infinity":56,"f:390:45:390:46":20,"s:390:52:390:79":57,"b:391:32:391:55:391:55:391:Infinity":33}}}
}
